2017-04-06 16:49:01,017 [15] ERROR EPiServer.Global: 1.2.5 Unhandled exception in ASP.NET
Lucene.Net.QueryParsers.ParseException: Cannot parse '+*:* +title:**:**': '*' or '?' not allowed as first character in WildcardQuery ---> Lucene.Net.QueryParsers.ParseException: '*' or '?' not allowed as first character in WildcardQuery
   at Lucene.Net.QueryParsers.QueryParser.GetWildcardQuery(String field, String termStr) in d:\Lucene.Net\FullRepo\trunk\src\core\QueryParser\QueryParser.cs:line 996
   at Lucene.Net.QueryParsers.QueryParser.Term(String field) in d:\Lucene.Net\FullRepo\trunk\src\core\QueryParser\QueryParser.cs:line 1494
   at Lucene.Net.QueryParsers.QueryParser.Clause(String field) in d:\Lucene.Net\FullRepo\trunk\src\core\QueryParser\QueryParser.cs:line 1383
   at Lucene.Net.QueryParsers.QueryParser.Query(String field) in d:\Lucene.Net\FullRepo\trunk\src\core\QueryParser\QueryParser.cs:line 1331
   at Lucene.Net.QueryParsers.QueryParser.Parse(String query) in d:\Lucene.Net\FullRepo\trunk\src\core\QueryParser\QueryParser.cs:line 223
   --- End of inner exception stack trace ---
   at Lucene.Net.QueryParsers.QueryParser.Parse(String query) in d:\Lucene.Net\FullRepo\trunk\src\core\QueryParser\QueryParser.cs:line 229
   at MissionSearch.Clients.LuceneClient.BuildQuery(IndexSearcher searcher, SearchRequest request) in c:\iisweb\MissionSearch\MissionSearchCore\MissionSearchCore1.1.0.0\MissionSearchCore\Clients\Lucene\LuceneClient.cs:line 167
   at MissionSearch.Clients.LuceneClient`1.Search(SearchRequest request) in c:\iisweb\MissionSearch\MissionSearchCore\MissionSearchCore1.1.0.0\MissionSearchCore\Clients\Lucene\LuceneClient.cs:line 439
   at MissionSearch.Suggester.QuerySuggester.TermSearch(String term, Int32 page, Int32 pagesize) in c:\iisweb\MissionSearch\MissionSearchCore\MissionSearchCore1.1.0.0\MissionSearchCore\Search\Suggester\QuerySuggester.cs:line 85
   at MissionSearch.Suggester.QuerySuggester.GetMatches(String term, Int32 minimumFrequency) in c:\iisweb\MissionSearch\MissionSearchCore\MissionSearchCore1.1.0.0\MissionSearchCore\Search\Suggester\QuerySuggester.cs:line 58
   at BaseSite.Controllers.SearchPageController.AutoComplete(SearchPage currentPage) in c:\iisweb\MissionSearch\MissionSearchEpi\MissionSearchEpi1.1.0.0\Website\Controllers\SearchPageController.cs:line 107
   at lambda_method(Closure , ControllerBase , Object[] )
   at System.Web.Mvc.ActionMethodDispatcher.Execute(ControllerBase controller, Object[] parameters)
   at System.Web.Mvc.ReflectedActionDescriptor.Execute(ControllerContext controllerContext, IDictionary`2 parameters)
   at System.Web.Mvc.ControllerActionInvoker.InvokeActionMethod(ControllerContext controllerContext, ActionDescriptor actionDescriptor, IDictionary`2 parameters)
   at System.Web.Mvc.Async.AsyncControllerActionInvoker.<BeginInvokeSynchronousActionMethod>b__39(IAsyncResult asyncResult, ActionInvocation innerInvokeState)
   at System.Web.Mvc.Async.AsyncResultWrapper.WrappedAsyncResult`2.CallEndDelegate(IAsyncResult asyncResult)
   at System.Web.Mvc.Async.AsyncResultWrapper.WrappedAsyncResultBase`1.End()
   at System.Web.Mvc.Async.AsyncControllerActionInvoker.EndInvokeActionMethod(IAsyncResult asyncResult)
   at System.Web.Mvc.Async.AsyncControllerActionInvoker.AsyncInvocationWithFilters.<InvokeActionMethodFilterAsynchronouslyRecursive>b__3d()
   at System.Web.Mvc.Async.AsyncControllerActionInvoker.AsyncInvocationWithFilters.<>c__DisplayClass46.<InvokeActionMethodFilterAsynchronouslyRecursive>b__3f()
   at System.Web.Mvc.Async.AsyncControllerActionInvoker.AsyncInvocationWithFilters.<>c__DisplayClass46.<InvokeActionMethodFilterAsynchronouslyRecursive>b__3f()
   at System.Web.Mvc.Async.AsyncControllerActionInvoker.AsyncInvocationWithFilters.<>c__DisplayClass46.<InvokeActionMethodFilterAsynchronouslyRecursive>b__3f()
   at System.Web.Mvc.Async.AsyncControllerActionInvoker.AsyncInvocationWithFilters.<>c__DisplayClass46.<InvokeActionMethodFilterAsynchronouslyRecursive>b__3f()
   at System.Web.Mvc.Async.AsyncControllerActionInvoker.AsyncInvocationWithFilters.<>c__DisplayClass46.<InvokeActionMethodFilterAsynchronouslyRecursive>b__3f()
   at System.Web.Mvc.Async.AsyncControllerActionInvoker.AsyncInvocationWithFilters.<>c__DisplayClass46.<InvokeActionMethodFilterAsynchronouslyRecursive>b__3f()
   at System.Web.Mvc.Async.AsyncControllerActionInvoker.<>c__DisplayClass33.<BeginInvokeActionMethodWithFilters>b__32(IAsyncResult asyncResult)
   at System.Web.Mvc.Async.AsyncResultWrapper.WrappedAsyncResult`1.CallEndDelegate(IAsyncResult asyncResult)
   at System.Web.Mvc.Async.AsyncResultWrapper.WrappedAsyncResultBase`1.End()
   at System.Web.Mvc.Async.AsyncControllerActionInvoker.EndInvokeActionMethodWithFilters(IAsyncResult asyncResult)
   at System.Web.Mvc.Async.AsyncControllerActionInvoker.<>c__DisplayClass21.<>c__DisplayClass2b.<BeginInvokeAction>b__1c()
   at System.Web.Mvc.Async.AsyncControllerActionInvoker.<>c__DisplayClass21.<BeginInvokeAction>b__1e(IAsyncResult asyncResult)
   at System.Web.Mvc.Async.AsyncResultWrapper.WrappedAsyncResult`1.CallEndDelegate(IAsyncResult asyncResult)
   at System.Web.Mvc.Async.AsyncResultWrapper.WrappedAsyncResultBase`1.End()
   at System.Web.Mvc.Async.AsyncControllerActionInvoker.EndInvokeAction(IAsyncResult asyncResult)
   at System.Web.Mvc.Controller.<BeginExecuteCore>b__1d(IAsyncResult asyncResult, ExecuteCoreState innerState)
   at System.Web.Mvc.Async.AsyncResultWrapper.WrappedAsyncVoid`1.CallEndDelegate(IAsyncResult asyncResult)
   at System.Web.Mvc.Async.AsyncResultWrapper.WrappedAsyncResultBase`1.End()
   at System.Web.Mvc.Controller.EndExecuteCore(IAsyncResult asyncResult)
   at System.Web.Mvc.Controller.<BeginExecute>b__15(IAsyncResult asyncResult, Controller controller)
   at System.Web.Mvc.Async.AsyncResultWrapper.WrappedAsyncVoid`1.CallEndDelegate(IAsyncResult asyncResult)
   at System.Web.Mvc.Async.AsyncResultWrapper.WrappedAsyncResultBase`1.End()
   at System.Web.Mvc.Controller.EndExecute(IAsyncResult asyncResult)
   at System.Web.Mvc.Controller.System.Web.Mvc.Async.IAsyncController.EndExecute(IAsyncResult asyncResult)
   at System.Web.Mvc.MvcHandler.<BeginProcessRequest>b__5(IAsyncResult asyncResult, ProcessRequestState innerState)
   at System.Web.Mvc.Async.AsyncResultWrapper.WrappedAsyncVoid`1.CallEndDelegate(IAsyncResult asyncResult)
   at System.Web.Mvc.Async.AsyncResultWrapper.WrappedAsyncResultBase`1.End()
   at System.Web.Mvc.MvcHandler.EndProcessRequest(IAsyncResult asyncResult)
   at System.Web.Mvc.MvcHandler.System.Web.IHttpAsyncHandler.EndProcessRequest(IAsyncResult result)
   at System.Web.HttpApplication.CallHandlerExecutionStep.System.Web.HttpApplication.IExecutionStep.Execute()
   at System.Web.HttpApplication.ExecuteStep(IExecutionStep step, Boolean& completedSynchronously)
Lucene.Net.QueryParsers.ParseException: Cannot parse '+*:* +title:**:**': '*' or '?' not allowed as first character in WildcardQuery ---> Lucene.Net.QueryParsers.ParseException: '*' or '?' not allowed as first character in WildcardQuery
   at Lucene.Net.QueryParsers.QueryParser.GetWildcardQuery(String field, String termStr) in d:\Lucene.Net\FullRepo\trunk\src\core\QueryParser\QueryParser.cs:line 996
   at Lucene.Net.QueryParsers.QueryParser.Term(String field) in d:\Lucene.Net\FullRepo\trunk\src\core\QueryParser\QueryParser.cs:line 1494
   at Lucene.Net.QueryParsers.QueryParser.Clause(String field) in d:\Lucene.Net\FullRepo\trunk\src\core\QueryParser\QueryParser.cs:line 1383
   at Lucene.Net.QueryParsers.QueryParser.Query(String field) in d:\Lucene.Net\FullRepo\trunk\src\core\QueryParser\QueryParser.cs:line 1331
   at Lucene.Net.QueryParsers.QueryParser.Parse(String query) in d:\Lucene.Net\FullRepo\trunk\src\core\QueryParser\QueryParser.cs:line 223
   --- End of inner exception stack trace ---
   at Lucene.Net.QueryParsers.QueryParser.Parse(String query) in d:\Lucene.Net\FullRepo\trunk\src\core\QueryParser\QueryParser.cs:line 229
   at MissionSearch.Clients.LuceneClient.BuildQuery(IndexSearcher searcher, SearchRequest request) in c:\iisweb\MissionSearch\MissionSearchCore\MissionSearchCore1.1.0.0\MissionSearchCore\Clients\Lucene\LuceneClient.cs:line 167
   at MissionSearch.Clients.LuceneClient`1.Search(SearchRequest request) in c:\iisweb\MissionSearch\MissionSearchCore\MissionSearchCore1.1.0.0\MissionSearchCore\Clients\Lucene\LuceneClient.cs:line 439
   at MissionSearch.Suggester.QuerySuggester.TermSearch(String term, Int32 page, Int32 pagesize) in c:\iisweb\MissionSearch\MissionSearchCore\MissionSearchCore1.1.0.0\MissionSearchCore\Search\Suggester\QuerySuggester.cs:line 85
   at MissionSearch.Suggester.QuerySuggester.GetMatches(String term, Int32 minimumFrequency) in c:\iisweb\MissionSearch\MissionSearchCore\MissionSearchCore1.1.0.0\MissionSearchCore\Search\Suggester\QuerySuggester.cs:line 58
   at BaseSite.Controllers.SearchPageController.AutoComplete(SearchPage currentPage) in c:\iisweb\MissionSearch\MissionSearchEpi\MissionSearchEpi1.1.0.0\Website\Controllers\SearchPageController.cs:line 107
   at lambda_method(Closure , ControllerBase , Object[] )
   at System.Web.Mvc.ActionMethodDispatcher.Execute(ControllerBase controller, Object[] parameters)
   at System.Web.Mvc.ReflectedActionDescriptor.Execute(ControllerContext controllerContext, IDictionary`2 parameters)
   at System.Web.Mvc.ControllerActionInvoker.InvokeActionMethod(ControllerContext controllerContext, ActionDescriptor actionDescriptor, IDictionary`2 parameters)
   at System.Web.Mvc.Async.AsyncControllerActionInvoker.<BeginInvokeSynchronousActionMethod>b__39(IAsyncResult asyncResult, ActionInvocation innerInvokeState)
   at System.Web.Mvc.Async.AsyncResultWrapper.WrappedAsyncResult`2.CallEndDelegate(IAsyncResult asyncResult)
   at System.Web.Mvc.Async.AsyncResultWrapper.WrappedAsyncResultBase`1.End()
   at System.Web.Mvc.Async.AsyncControllerActionInvoker.EndInvokeActionMethod(IAsyncResult asyncResult)
   at System.Web.Mvc.Async.AsyncControllerActionInvoker.AsyncInvocationWithFilters.<InvokeActionMethodFilterAsynchronouslyRecursive>b__3d()
   at System.Web.Mvc.Async.AsyncControllerActionInvoker.AsyncInvocationWithFilters.<>c__DisplayClass46.<InvokeActionMethodFilterAsynchronouslyRecursive>b__3f()
   at System.Web.Mvc.Async.AsyncControllerActionInvoker.AsyncInvocationWithFilters.<>c__DisplayClass46.<InvokeActionMethodFilterAsynchronouslyRecursive>b__3f()
   at System.Web.Mvc.Async.AsyncControllerActionInvoker.AsyncInvocationWithFilters.<>c__DisplayClass46.<InvokeActionMethodFilterAsynchronouslyRecursive>b__3f()
   at System.Web.Mvc.Async.AsyncControllerActionInvoker.AsyncInvocationWithFilters.<>c__DisplayClass46.<InvokeActionMethodFilterAsynchronouslyRecursive>b__3f()
   at System.Web.Mvc.Async.AsyncControllerActionInvoker.AsyncInvocationWithFilters.<>c__DisplayClass46.<InvokeActionMethodFilterAsynchronouslyRecursive>b__3f()
   at System.Web.Mvc.Async.AsyncControllerActionInvoker.AsyncInvocationWithFilters.<>c__DisplayClass46.<InvokeActionMethodFilterAsynchronouslyRecursive>b__3f()
   at System.Web.Mvc.Async.AsyncControllerActionInvoker.<>c__DisplayClass33.<BeginInvokeActionMethodWithFilters>b__32(IAsyncResult asyncResult)
   at System.Web.Mvc.Async.AsyncResultWrapper.WrappedAsyncResult`1.CallEndDelegate(IAsyncResult asyncResult)
   at System.Web.Mvc.Async.AsyncResultWrapper.WrappedAsyncResultBase`1.End()
   at System.Web.Mvc.Async.AsyncControllerActionInvoker.EndInvokeActionMethodWithFilters(IAsyncResult asyncResult)
   at System.Web.Mvc.Async.AsyncControllerActionInvoker.<>c__DisplayClass21.<>c__DisplayClass2b.<BeginInvokeAction>b__1c()
   at System.Web.Mvc.Async.AsyncControllerActionInvoker.<>c__DisplayClass21.<BeginInvokeAction>b__1e(IAsyncResult asyncResult)
   at System.Web.Mvc.Async.AsyncResultWrapper.WrappedAsyncResult`1.CallEndDelegate(IAsyncResult asyncResult)
   at System.Web.Mvc.Async.AsyncResultWrapper.WrappedAsyncResultBase`1.End()
   at System.Web.Mvc.Async.AsyncControllerActionInvoker.EndInvokeAction(IAsyncResult asyncResult)
   at System.Web.Mvc.Controller.<BeginExecuteCore>b__1d(IAsyncResult asyncResult, ExecuteCoreState innerState)
   at System.Web.Mvc.Async.AsyncResultWrapper.WrappedAsyncVoid`1.CallEndDelegate(IAsyncResult asyncResult)
   at System.Web.Mvc.Async.AsyncResultWrapper.WrappedAsyncResultBase`1.End()
   at System.Web.Mvc.Controller.EndExecuteCore(IAsyncResult asyncResult)
   at System.Web.Mvc.Controller.<BeginExecute>b__15(IAsyncResult asyncResult, Controller controller)
   at System.Web.Mvc.Async.AsyncResultWrapper.WrappedAsyncVoid`1.CallEndDelegate(IAsyncResult asyncResult)
   at System.Web.Mvc.Async.AsyncResultWrapper.WrappedAsyncResultBase`1.End()
   at System.Web.Mvc.Controller.EndExecute(IAsyncResult asyncResult)
   at System.Web.Mvc.Controller.System.Web.Mvc.Async.IAsyncController.EndExecute(IAsyncResult asyncResult)
   at System.Web.Mvc.MvcHandler.<BeginProcessRequest>b__5(IAsyncResult asyncResult, ProcessRequestState innerState)
   at System.Web.Mvc.Async.AsyncResultWrapper.WrappedAsyncVoid`1.CallEndDelegate(IAsyncResult asyncResult)
   at System.Web.Mvc.Async.AsyncResultWrapper.WrappedAsyncResultBase`1.End()
   at System.Web.Mvc.MvcHandler.EndProcessRequest(IAsyncResult asyncResult)
   at System.Web.Mvc.MvcHandler.System.Web.IHttpAsyncHandler.EndProcessRequest(IAsyncResult result)
   at System.Web.HttpApplication.CallHandlerExecutionStep.System.Web.HttpApplication.IExecutionStep.Execute()
   at System.Web.HttpApplication.ExecuteStep(IExecutionStep step, Boolean& completedSynchronously)
2017-04-06 16:49:05,256 [8] ERROR EPiServer.Global: 1.2.5 Unhandled exception in ASP.NET
Lucene.Net.QueryParsers.ParseException: Cannot parse '+*:* +title:*test*': '*' or '?' not allowed as first character in WildcardQuery ---> Lucene.Net.QueryParsers.ParseException: '*' or '?' not allowed as first character in WildcardQuery
   at Lucene.Net.QueryParsers.QueryParser.GetWildcardQuery(String field, String termStr) in d:\Lucene.Net\FullRepo\trunk\src\core\QueryParser\QueryParser.cs:line 996
   at Lucene.Net.QueryParsers.QueryParser.Term(String field) in d:\Lucene.Net\FullRepo\trunk\src\core\QueryParser\QueryParser.cs:line 1494
   at Lucene.Net.QueryParsers.QueryParser.Clause(String field) in d:\Lucene.Net\FullRepo\trunk\src\core\QueryParser\QueryParser.cs:line 1383
   at Lucene.Net.QueryParsers.QueryParser.Query(String field) in d:\Lucene.Net\FullRepo\trunk\src\core\QueryParser\QueryParser.cs:line 1331
   at Lucene.Net.QueryParsers.QueryParser.Parse(String query) in d:\Lucene.Net\FullRepo\trunk\src\core\QueryParser\QueryParser.cs:line 223
   --- End of inner exception stack trace ---
   at Lucene.Net.QueryParsers.QueryParser.Parse(String query) in d:\Lucene.Net\FullRepo\trunk\src\core\QueryParser\QueryParser.cs:line 229
   at MissionSearch.Clients.LuceneClient.BuildQuery(IndexSearcher searcher, SearchRequest request) in c:\iisweb\MissionSearch\MissionSearchCore\MissionSearchCore1.1.0.0\MissionSearchCore\Clients\Lucene\LuceneClient.cs:line 167
   at MissionSearch.Clients.LuceneClient`1.Search(SearchRequest request) in c:\iisweb\MissionSearch\MissionSearchCore\MissionSearchCore1.1.0.0\MissionSearchCore\Clients\Lucene\LuceneClient.cs:line 439
   at MissionSearch.Suggester.QuerySuggester.TermSearch(String term, Int32 page, Int32 pagesize) in c:\iisweb\MissionSearch\MissionSearchCore\MissionSearchCore1.1.0.0\MissionSearchCore\Search\Suggester\QuerySuggester.cs:line 85
   at MissionSearch.Suggester.QuerySuggester.GetMatches(String term, Int32 minimumFrequency) in c:\iisweb\MissionSearch\MissionSearchCore\MissionSearchCore1.1.0.0\MissionSearchCore\Search\Suggester\QuerySuggester.cs:line 58
   at BaseSite.Controllers.SearchPageController.AutoComplete(SearchPage currentPage) in c:\iisweb\MissionSearch\MissionSearchEpi\MissionSearchEpi1.1.0.0\Website\Controllers\SearchPageController.cs:line 107
   at lambda_method(Closure , ControllerBase , Object[] )
   at System.Web.Mvc.ActionMethodDispatcher.Execute(ControllerBase controller, Object[] parameters)
   at System.Web.Mvc.ReflectedActionDescriptor.Execute(ControllerContext controllerContext, IDictionary`2 parameters)
   at System.Web.Mvc.ControllerActionInvoker.InvokeActionMethod(ControllerContext controllerContext, ActionDescriptor actionDescriptor, IDictionary`2 parameters)
   at System.Web.Mvc.Async.AsyncControllerActionInvoker.<BeginInvokeSynchronousActionMethod>b__39(IAsyncResult asyncResult, ActionInvocation innerInvokeState)
   at System.Web.Mvc.Async.AsyncResultWrapper.WrappedAsyncResult`2.CallEndDelegate(IAsyncResult asyncResult)
   at System.Web.Mvc.Async.AsyncResultWrapper.WrappedAsyncResultBase`1.End()
   at System.Web.Mvc.Async.AsyncControllerActionInvoker.EndInvokeActionMethod(IAsyncResult asyncResult)
   at System.Web.Mvc.Async.AsyncControllerActionInvoker.AsyncInvocationWithFilters.<InvokeActionMethodFilterAsynchronouslyRecursive>b__3d()
   at System.Web.Mvc.Async.AsyncControllerActionInvoker.AsyncInvocationWithFilters.<>c__DisplayClass46.<InvokeActionMethodFilterAsynchronouslyRecursive>b__3f()
   at System.Web.Mvc.Async.AsyncControllerActionInvoker.AsyncInvocationWithFilters.<>c__DisplayClass46.<InvokeActionMethodFilterAsynchronouslyRecursive>b__3f()
   at System.Web.Mvc.Async.AsyncControllerActionInvoker.AsyncInvocationWithFilters.<>c__DisplayClass46.<InvokeActionMethodFilterAsynchronouslyRecursive>b__3f()
   at System.Web.Mvc.Async.AsyncControllerActionInvoker.AsyncInvocationWithFilters.<>c__DisplayClass46.<InvokeActionMethodFilterAsynchronouslyRecursive>b__3f()
   at System.Web.Mvc.Async.AsyncControllerActionInvoker.AsyncInvocationWithFilters.<>c__DisplayClass46.<InvokeActionMethodFilterAsynchronouslyRecursive>b__3f()
   at System.Web.Mvc.Async.AsyncControllerActionInvoker.AsyncInvocationWithFilters.<>c__DisplayClass46.<InvokeActionMethodFilterAsynchronouslyRecursive>b__3f()
   at System.Web.Mvc.Async.AsyncControllerActionInvoker.<>c__DisplayClass33.<BeginInvokeActionMethodWithFilters>b__32(IAsyncResult asyncResult)
   at System.Web.Mvc.Async.AsyncResultWrapper.WrappedAsyncResult`1.CallEndDelegate(IAsyncResult asyncResult)
   at System.Web.Mvc.Async.AsyncResultWrapper.WrappedAsyncResultBase`1.End()
   at System.Web.Mvc.Async.AsyncControllerActionInvoker.EndInvokeActionMethodWithFilters(IAsyncResult asyncResult)
   at System.Web.Mvc.Async.AsyncControllerActionInvoker.<>c__DisplayClass21.<>c__DisplayClass2b.<BeginInvokeAction>b__1c()
   at System.Web.Mvc.Async.AsyncControllerActionInvoker.<>c__DisplayClass21.<BeginInvokeAction>b__1e(IAsyncResult asyncResult)
   at System.Web.Mvc.Async.AsyncResultWrapper.WrappedAsyncResult`1.CallEndDelegate(IAsyncResult asyncResult)
   at System.Web.Mvc.Async.AsyncResultWrapper.WrappedAsyncResultBase`1.End()
   at System.Web.Mvc.Async.AsyncControllerActionInvoker.EndInvokeAction(IAsyncResult asyncResult)
   at System.Web.Mvc.Controller.<BeginExecuteCore>b__1d(IAsyncResult asyncResult, ExecuteCoreState innerState)
   at System.Web.Mvc.Async.AsyncResultWrapper.WrappedAsyncVoid`1.CallEndDelegate(IAsyncResult asyncResult)
   at System.Web.Mvc.Async.AsyncResultWrapper.WrappedAsyncResultBase`1.End()
   at System.Web.Mvc.Controller.EndExecuteCore(IAsyncResult asyncResult)
   at System.Web.Mvc.Controller.<BeginExecute>b__15(IAsyncResult asyncResult, Controller controller)
   at System.Web.Mvc.Async.AsyncResultWrapper.WrappedAsyncVoid`1.CallEndDelegate(IAsyncResult asyncResult)
   at System.Web.Mvc.Async.AsyncResultWrapper.WrappedAsyncResultBase`1.End()
   at System.Web.Mvc.Controller.EndExecute(IAsyncResult asyncResult)
   at System.Web.Mvc.Controller.System.Web.Mvc.Async.IAsyncController.EndExecute(IAsyncResult asyncResult)
   at System.Web.Mvc.MvcHandler.<BeginProcessRequest>b__5(IAsyncResult asyncResult, ProcessRequestState innerState)
   at System.Web.Mvc.Async.AsyncResultWrapper.WrappedAsyncVoid`1.CallEndDelegate(IAsyncResult asyncResult)
   at System.Web.Mvc.Async.AsyncResultWrapper.WrappedAsyncResultBase`1.End()
   at System.Web.Mvc.MvcHandler.EndProcessRequest(IAsyncResult asyncResult)
   at System.Web.Mvc.MvcHandler.System.Web.IHttpAsyncHandler.EndProcessRequest(IAsyncResult result)
   at System.Web.HttpApplication.CallHandlerExecutionStep.System.Web.HttpApplication.IExecutionStep.Execute()
   at System.Web.HttpApplication.ExecuteStep(IExecutionStep step, Boolean& completedSynchronously)
Lucene.Net.QueryParsers.ParseException: Cannot parse '+*:* +title:*test*': '*' or '?' not allowed as first character in WildcardQuery ---> Lucene.Net.QueryParsers.ParseException: '*' or '?' not allowed as first character in WildcardQuery
   at Lucene.Net.QueryParsers.QueryParser.GetWildcardQuery(String field, String termStr) in d:\Lucene.Net\FullRepo\trunk\src\core\QueryParser\QueryParser.cs:line 996
   at Lucene.Net.QueryParsers.QueryParser.Term(String field) in d:\Lucene.Net\FullRepo\trunk\src\core\QueryParser\QueryParser.cs:line 1494
   at Lucene.Net.QueryParsers.QueryParser.Clause(String field) in d:\Lucene.Net\FullRepo\trunk\src\core\QueryParser\QueryParser.cs:line 1383
   at Lucene.Net.QueryParsers.QueryParser.Query(String field) in d:\Lucene.Net\FullRepo\trunk\src\core\QueryParser\QueryParser.cs:line 1331
   at Lucene.Net.QueryParsers.QueryParser.Parse(String query) in d:\Lucene.Net\FullRepo\trunk\src\core\QueryParser\QueryParser.cs:line 223
   --- End of inner exception stack trace ---
   at Lucene.Net.QueryParsers.QueryParser.Parse(String query) in d:\Lucene.Net\FullRepo\trunk\src\core\QueryParser\QueryParser.cs:line 229
   at MissionSearch.Clients.LuceneClient.BuildQuery(IndexSearcher searcher, SearchRequest request) in c:\iisweb\MissionSearch\MissionSearchCore\MissionSearchCore1.1.0.0\MissionSearchCore\Clients\Lucene\LuceneClient.cs:line 167
   at MissionSearch.Clients.LuceneClient`1.Search(SearchRequest request) in c:\iisweb\MissionSearch\MissionSearchCore\MissionSearchCore1.1.0.0\MissionSearchCore\Clients\Lucene\LuceneClient.cs:line 439
   at MissionSearch.Suggester.QuerySuggester.TermSearch(String term, Int32 page, Int32 pagesize) in c:\iisweb\MissionSearch\MissionSearchCore\MissionSearchCore1.1.0.0\MissionSearchCore\Search\Suggester\QuerySuggester.cs:line 85
   at MissionSearch.Suggester.QuerySuggester.GetMatches(String term, Int32 minimumFrequency) in c:\iisweb\MissionSearch\MissionSearchCore\MissionSearchCore1.1.0.0\MissionSearchCore\Search\Suggester\QuerySuggester.cs:line 58
   at BaseSite.Controllers.SearchPageController.AutoComplete(SearchPage currentPage) in c:\iisweb\MissionSearch\MissionSearchEpi\MissionSearchEpi1.1.0.0\Website\Controllers\SearchPageController.cs:line 107
   at lambda_method(Closure , ControllerBase , Object[] )
   at System.Web.Mvc.ActionMethodDispatcher.Execute(ControllerBase controller, Object[] parameters)
   at System.Web.Mvc.ReflectedActionDescriptor.Execute(ControllerContext controllerContext, IDictionary`2 parameters)
   at System.Web.Mvc.ControllerActionInvoker.InvokeActionMethod(ControllerContext controllerContext, ActionDescriptor actionDescriptor, IDictionary`2 parameters)
   at System.Web.Mvc.Async.AsyncControllerActionInvoker.<BeginInvokeSynchronousActionMethod>b__39(IAsyncResult asyncResult, ActionInvocation innerInvokeState)
   at System.Web.Mvc.Async.AsyncResultWrapper.WrappedAsyncResult`2.CallEndDelegate(IAsyncResult asyncResult)
   at System.Web.Mvc.Async.AsyncResultWrapper.WrappedAsyncResultBase`1.End()
   at System.Web.Mvc.Async.AsyncControllerActionInvoker.EndInvokeActionMethod(IAsyncResult asyncResult)
   at System.Web.Mvc.Async.AsyncControllerActionInvoker.AsyncInvocationWithFilters.<InvokeActionMethodFilterAsynchronouslyRecursive>b__3d()
   at System.Web.Mvc.Async.AsyncControllerActionInvoker.AsyncInvocationWithFilters.<>c__DisplayClass46.<InvokeActionMethodFilterAsynchronouslyRecursive>b__3f()
   at System.Web.Mvc.Async.AsyncControllerActionInvoker.AsyncInvocationWithFilters.<>c__DisplayClass46.<InvokeActionMethodFilterAsynchronouslyRecursive>b__3f()
   at System.Web.Mvc.Async.AsyncControllerActionInvoker.AsyncInvocationWithFilters.<>c__DisplayClass46.<InvokeActionMethodFilterAsynchronouslyRecursive>b__3f()
   at System.Web.Mvc.Async.AsyncControllerActionInvoker.AsyncInvocationWithFilters.<>c__DisplayClass46.<InvokeActionMethodFilterAsynchronouslyRecursive>b__3f()
   at System.Web.Mvc.Async.AsyncControllerActionInvoker.AsyncInvocationWithFilters.<>c__DisplayClass46.<InvokeActionMethodFilterAsynchronouslyRecursive>b__3f()
   at System.Web.Mvc.Async.AsyncControllerActionInvoker.AsyncInvocationWithFilters.<>c__DisplayClass46.<InvokeActionMethodFilterAsynchronouslyRecursive>b__3f()
   at System.Web.Mvc.Async.AsyncControllerActionInvoker.<>c__DisplayClass33.<BeginInvokeActionMethodWithFilters>b__32(IAsyncResult asyncResult)
   at System.Web.Mvc.Async.AsyncResultWrapper.WrappedAsyncResult`1.CallEndDelegate(IAsyncResult asyncResult)
   at System.Web.Mvc.Async.AsyncResultWrapper.WrappedAsyncResultBase`1.End()
   at System.Web.Mvc.Async.AsyncControllerActionInvoker.EndInvokeActionMethodWithFilters(IAsyncResult asyncResult)
   at System.Web.Mvc.Async.AsyncControllerActionInvoker.<>c__DisplayClass21.<>c__DisplayClass2b.<BeginInvokeAction>b__1c()
   at System.Web.Mvc.Async.AsyncControllerActionInvoker.<>c__DisplayClass21.<BeginInvokeAction>b__1e(IAsyncResult asyncResult)
   at System.Web.Mvc.Async.AsyncResultWrapper.WrappedAsyncResult`1.CallEndDelegate(IAsyncResult asyncResult)
   at System.Web.Mvc.Async.AsyncResultWrapper.WrappedAsyncResultBase`1.End()
   at System.Web.Mvc.Async.AsyncControllerActionInvoker.EndInvokeAction(IAsyncResult asyncResult)
   at System.Web.Mvc.Controller.<BeginExecuteCore>b__1d(IAsyncResult asyncResult, ExecuteCoreState innerState)
   at System.Web.Mvc.Async.AsyncResultWrapper.WrappedAsyncVoid`1.CallEndDelegate(IAsyncResult asyncResult)
   at System.Web.Mvc.Async.AsyncResultWrapper.WrappedAsyncResultBase`1.End()
   at System.Web.Mvc.Controller.EndExecuteCore(IAsyncResult asyncResult)
   at System.Web.Mvc.Controller.<BeginExecute>b__15(IAsyncResult asyncResult, Controller controller)
   at System.Web.Mvc.Async.AsyncResultWrapper.WrappedAsyncVoid`1.CallEndDelegate(IAsyncResult asyncResult)
   at System.Web.Mvc.Async.AsyncResultWrapper.WrappedAsyncResultBase`1.End()
   at System.Web.Mvc.Controller.EndExecute(IAsyncResult asyncResult)
   at System.Web.Mvc.Controller.System.Web.Mvc.Async.IAsyncController.EndExecute(IAsyncResult asyncResult)
   at System.Web.Mvc.MvcHandler.<BeginProcessRequest>b__5(IAsyncResult asyncResult, ProcessRequestState innerState)
   at System.Web.Mvc.Async.AsyncResultWrapper.WrappedAsyncVoid`1.CallEndDelegate(IAsyncResult asyncResult)
   at System.Web.Mvc.Async.AsyncResultWrapper.WrappedAsyncResultBase`1.End()
   at System.Web.Mvc.MvcHandler.EndProcessRequest(IAsyncResult asyncResult)
   at System.Web.Mvc.MvcHandler.System.Web.IHttpAsyncHandler.EndProcessRequest(IAsyncResult result)
   at System.Web.HttpApplication.CallHandlerExecutionStep.System.Web.HttpApplication.IExecutionStep.Execute()
   at System.Web.HttpApplication.ExecuteStep(IExecutionStep step, Boolean& completedSynchronously)
2017-04-06 16:49:11,602 [18] ERROR EPiServer.DataAbstraction.ScheduledJob: Failed to load type 'BaseSite.Business.Search.SolrCrawl' from assembly 'EPiServerSiteBase' to remove this job permanent remove the contents of tblScheduledItemLog and tblScheduledItem for the job 'Run SOLR Search Crawl' with jobId ='f01ffb51-9f4c-4f3a-882a-d6435fbc3202' from the database
System.TypeLoadException: Could not load type 'BaseSite.Business.Search.SolrCrawl' from assembly 'EPiServerSiteBase, Version=1.0.0.0, Culture=neutral, PublicKeyToken=null'.
   at System.Reflection.RuntimeAssembly.GetType(RuntimeAssembly assembly, String name, Boolean throwOnError, Boolean ignoreCase, ObjectHandleOnStack type)
   at System.Reflection.RuntimeAssembly.GetType(String name, Boolean throwOnError, Boolean ignoreCase)
   at System.Reflection.Assembly.GetType(String name, Boolean throwOnError)
   at EPiServer.DataAbstraction.ScheduledJob.InternalExec(Boolean startThread)
System.TypeLoadException: Could not load type 'BaseSite.Business.Search.SolrCrawl' from assembly 'EPiServerSiteBase, Version=1.0.0.0, Culture=neutral, PublicKeyToken=null'.
   at System.Reflection.RuntimeAssembly.GetType(RuntimeAssembly assembly, String name, Boolean throwOnError, Boolean ignoreCase, ObjectHandleOnStack type)
   at System.Reflection.RuntimeAssembly.GetType(String name, Boolean throwOnError, Boolean ignoreCase)
   at System.Reflection.Assembly.GetType(String name, Boolean throwOnError)
   at EPiServer.DataAbstraction.ScheduledJob.InternalExec(Boolean startThread)
2017-04-06 16:49:21,668 [18] ERROR EPiServer.DataAbstraction.ScheduledJob: Failed to load type 'BaseSite.Business.Jobs.SearchIncrentmentalCrawl' from assembly 'EPiServerSiteBase' to remove this job permanent remove the contents of tblScheduledItemLog and tblScheduledItem for the job 'Run Incremental SOLR Search Crawl' with jobId ='3618a03f-c2a3-44b0-8267-9e5a18de3f6e' from the database
System.TypeLoadException: Could not load type 'BaseSite.Business.Jobs.SearchIncrentmentalCrawl' from assembly 'EPiServerSiteBase, Version=1.0.0.0, Culture=neutral, PublicKeyToken=null'.
   at System.Reflection.RuntimeAssembly.GetType(RuntimeAssembly assembly, String name, Boolean throwOnError, Boolean ignoreCase, ObjectHandleOnStack type)
   at System.Reflection.RuntimeAssembly.GetType(String name, Boolean throwOnError, Boolean ignoreCase)
   at System.Reflection.Assembly.GetType(String name, Boolean throwOnError)
   at EPiServer.DataAbstraction.ScheduledJob.InternalExec(Boolean startThread)
System.TypeLoadException: Could not load type 'BaseSite.Business.Jobs.SearchIncrentmentalCrawl' from assembly 'EPiServerSiteBase, Version=1.0.0.0, Culture=neutral, PublicKeyToken=null'.
   at System.Reflection.RuntimeAssembly.GetType(RuntimeAssembly assembly, String name, Boolean throwOnError, Boolean ignoreCase, ObjectHandleOnStack type)
   at System.Reflection.RuntimeAssembly.GetType(String name, Boolean throwOnError, Boolean ignoreCase)
   at System.Reflection.Assembly.GetType(String name, Boolean throwOnError)
   at EPiServer.DataAbstraction.ScheduledJob.InternalExec(Boolean startThread)
2017-04-06 16:49:23,154 [12] ERROR EPiServer.Search.RequestHandler: Update batch could not be sent to service uri 'http://localhost:55560/IndexingService/IndexingService.svc/update/?accesskey=local'. Message: 'Unable to connect to the remote server   at System.Net.HttpWebRequest.GetRequestStream(TransportContext& context)
   at System.Net.HttpWebRequest.GetRequestStream()
   at EPiServer.Search.RequestHandler.MakeHttpRequest(String url, NamedIndexingServiceElement namedIndexingServiceElement, String method, Stream postData, Action`1 responseHandler)
   at EPiServer.Search.RequestHandler.SendRequest(SyndicationFeed feed, String namedIndexingService, Collection`1 ids)'
2017-04-06 16:49:23,163 [12] ERROR EPiServer.Search.RequestQueueHandler: Send batch for named index 'serviceName' failed. Items are left in queue.
2017-04-06 16:49:31,760 [18] ERROR EPiServer.DataAbstraction.ScheduledJob: Failed to load type 'BaseSite.Business.Jobs.SearchCrawl' from assembly 'EPiServerSiteBase' to remove this job permanent remove the contents of tblScheduledItemLog and tblScheduledItem for the job 'Run SOLR Search Crawl' with jobId ='4e107143-4fb0-48e1-964f-e9aae7f9af19' from the database
System.TypeLoadException: Could not load type 'BaseSite.Business.Jobs.SearchCrawl' from assembly 'EPiServerSiteBase, Version=1.0.0.0, Culture=neutral, PublicKeyToken=null'.
   at System.Reflection.RuntimeAssembly.GetType(RuntimeAssembly assembly, String name, Boolean throwOnError, Boolean ignoreCase, ObjectHandleOnStack type)
   at System.Reflection.RuntimeAssembly.GetType(String name, Boolean throwOnError, Boolean ignoreCase)
   at System.Reflection.Assembly.GetType(String name, Boolean throwOnError)
   at EPiServer.DataAbstraction.ScheduledJob.InternalExec(Boolean startThread)
System.TypeLoadException: Could not load type 'BaseSite.Business.Jobs.SearchCrawl' from assembly 'EPiServerSiteBase, Version=1.0.0.0, Culture=neutral, PublicKeyToken=null'.
   at System.Reflection.RuntimeAssembly.GetType(RuntimeAssembly assembly, String name, Boolean throwOnError, Boolean ignoreCase, ObjectHandleOnStack type)
   at System.Reflection.RuntimeAssembly.GetType(String name, Boolean throwOnError, Boolean ignoreCase)
   at System.Reflection.Assembly.GetType(String name, Boolean throwOnError)
   at EPiServer.DataAbstraction.ScheduledJob.InternalExec(Boolean startThread)
2017-04-06 16:50:14,566 [13] ERROR EPiServer.Search.RequestHandler: Update batch could not be sent to service uri 'http://localhost:55560/IndexingService/IndexingService.svc/update/?accesskey=local'. Message: 'Unable to connect to the remote server   at System.Net.HttpWebRequest.GetRequestStream(TransportContext& context)
   at System.Net.HttpWebRequest.GetRequestStream()
   at EPiServer.Search.RequestHandler.MakeHttpRequest(String url, NamedIndexingServiceElement namedIndexingServiceElement, String method, Stream postData, Action`1 responseHandler)
   at EPiServer.Search.RequestHandler.SendRequest(SyndicationFeed feed, String namedIndexingService, Collection`1 ids)'
2017-04-06 16:50:14,576 [13] ERROR EPiServer.Search.RequestQueueHandler: Send batch for named index 'serviceName' failed. Items are left in queue.
2017-04-06 16:50:46,626 [30] ERROR EPiServer.Search.RequestHandler: Update batch could not be sent to service uri 'http://localhost:55560/IndexingService/IndexingService.svc/update/?accesskey=local'. Message: 'Unable to connect to the remote server   at System.Net.HttpWebRequest.GetRequestStream(TransportContext& context)
   at System.Net.HttpWebRequest.GetRequestStream()
   at EPiServer.Search.RequestHandler.MakeHttpRequest(String url, NamedIndexingServiceElement namedIndexingServiceElement, String method, Stream postData, Action`1 responseHandler)
   at EPiServer.Search.RequestHandler.SendRequest(SyndicationFeed feed, String namedIndexingService, Collection`1 ids)'
2017-04-06 16:50:46,646 [30] ERROR EPiServer.Search.RequestQueueHandler: Send batch for named index 'serviceName' failed. Items are left in queue.
2017-04-06 16:51:18,708 [15] ERROR EPiServer.Search.RequestHandler: Update batch could not be sent to service uri 'http://localhost:55560/IndexingService/IndexingService.svc/update/?accesskey=local'. Message: 'Unable to connect to the remote server   at System.Net.HttpWebRequest.GetRequestStream(TransportContext& context)
   at System.Net.HttpWebRequest.GetRequestStream()
   at EPiServer.Search.RequestHandler.MakeHttpRequest(String url, NamedIndexingServiceElement namedIndexingServiceElement, String method, Stream postData, Action`1 responseHandler)
   at EPiServer.Search.RequestHandler.SendRequest(SyndicationFeed feed, String namedIndexingService, Collection`1 ids)'
2017-04-06 16:51:18,722 [15] ERROR EPiServer.Search.RequestQueueHandler: Send batch for named index 'serviceName' failed. Items are left in queue.
2017-04-06 16:51:50,820 [19] ERROR EPiServer.Search.RequestHandler: Update batch could not be sent to service uri 'http://localhost:55560/IndexingService/IndexingService.svc/update/?accesskey=local'. Message: 'Unable to connect to the remote server   at System.Net.HttpWebRequest.GetRequestStream(TransportContext& context)
   at System.Net.HttpWebRequest.GetRequestStream()
   at EPiServer.Search.RequestHandler.MakeHttpRequest(String url, NamedIndexingServiceElement namedIndexingServiceElement, String method, Stream postData, Action`1 responseHandler)
   at EPiServer.Search.RequestHandler.SendRequest(SyndicationFeed feed, String namedIndexingService, Collection`1 ids)'
2017-04-06 16:51:50,841 [19] ERROR EPiServer.Search.RequestQueueHandler: Send batch for named index 'serviceName' failed. Items are left in queue.
2017-04-06 16:52:53,033 [29] ERROR EPiServer.Search.RequestHandler: Update batch could not be sent to service uri 'http://localhost:55560/IndexingService/IndexingService.svc/update/?accesskey=local'. Message: 'Unable to connect to the remote server   at System.Net.HttpWebRequest.GetRequestStream(TransportContext& context)
   at System.Net.HttpWebRequest.GetRequestStream()
   at EPiServer.Search.RequestHandler.MakeHttpRequest(String url, NamedIndexingServiceElement namedIndexingServiceElement, String method, Stream postData, Action`1 responseHandler)
   at EPiServer.Search.RequestHandler.SendRequest(SyndicationFeed feed, String namedIndexingService, Collection`1 ids)'
2017-04-06 16:52:53,061 [29] ERROR EPiServer.Search.RequestQueueHandler: Send batch for named index 'serviceName' failed. Items are left in queue.
2017-04-06 16:53:49,058 [36] ERROR EPiServer.Search.RequestHandler: Update batch could not be sent to service uri 'http://localhost:55560/IndexingService/IndexingService.svc/update/?accesskey=local'. Message: 'Unable to connect to the remote server   at System.Net.HttpWebRequest.GetRequestStream(TransportContext& context)
   at System.Net.HttpWebRequest.GetRequestStream()
   at EPiServer.Search.RequestHandler.MakeHttpRequest(String url, NamedIndexingServiceElement namedIndexingServiceElement, String method, Stream postData, Action`1 responseHandler)
   at EPiServer.Search.RequestHandler.SendRequest(SyndicationFeed feed, String namedIndexingService, Collection`1 ids)'
2017-04-06 16:53:49,088 [36] ERROR EPiServer.Search.RequestQueueHandler: Send batch for named index 'serviceName' failed. Items are left in queue.
2017-04-06 16:54:21,179 [31] ERROR EPiServer.Search.RequestHandler: Update batch could not be sent to service uri 'http://localhost:55560/IndexingService/IndexingService.svc/update/?accesskey=local'. Message: 'Unable to connect to the remote server   at System.Net.HttpWebRequest.GetRequestStream(TransportContext& context)
   at System.Net.HttpWebRequest.GetRequestStream()
   at EPiServer.Search.RequestHandler.MakeHttpRequest(String url, NamedIndexingServiceElement namedIndexingServiceElement, String method, Stream postData, Action`1 responseHandler)
   at EPiServer.Search.RequestHandler.SendRequest(SyndicationFeed feed, String namedIndexingService, Collection`1 ids)'
2017-04-06 16:54:21,184 [31] ERROR EPiServer.Search.RequestQueueHandler: Send batch for named index 'serviceName' failed. Items are left in queue.
2017-04-06 16:54:53,269 [45] ERROR EPiServer.Search.RequestHandler: Update batch could not be sent to service uri 'http://localhost:55560/IndexingService/IndexingService.svc/update/?accesskey=local'. Message: 'Unable to connect to the remote server   at System.Net.HttpWebRequest.GetRequestStream(TransportContext& context)
   at System.Net.HttpWebRequest.GetRequestStream()
   at EPiServer.Search.RequestHandler.MakeHttpRequest(String url, NamedIndexingServiceElement namedIndexingServiceElement, String method, Stream postData, Action`1 responseHandler)
   at EPiServer.Search.RequestHandler.SendRequest(SyndicationFeed feed, String namedIndexingService, Collection`1 ids)'
2017-04-06 16:54:53,289 [45] ERROR EPiServer.Search.RequestQueueHandler: Send batch for named index 'serviceName' failed. Items are left in queue.
2017-04-06 16:55:25,378 [45] ERROR EPiServer.Search.RequestHandler: Update batch could not be sent to service uri 'http://localhost:55560/IndexingService/IndexingService.svc/update/?accesskey=local'. Message: 'Unable to connect to the remote server   at System.Net.HttpWebRequest.GetRequestStream(TransportContext& context)
   at System.Net.HttpWebRequest.GetRequestStream()
   at EPiServer.Search.RequestHandler.MakeHttpRequest(String url, NamedIndexingServiceElement namedIndexingServiceElement, String method, Stream postData, Action`1 responseHandler)
   at EPiServer.Search.RequestHandler.SendRequest(SyndicationFeed feed, String namedIndexingService, Collection`1 ids)'
2017-04-06 16:55:25,390 [45] ERROR EPiServer.Search.RequestQueueHandler: Send batch for named index 'serviceName' failed. Items are left in queue.
2017-04-06 16:55:57,476 [26] ERROR EPiServer.Search.RequestHandler: Update batch could not be sent to service uri 'http://localhost:55560/IndexingService/IndexingService.svc/update/?accesskey=local'. Message: 'Unable to connect to the remote server   at System.Net.HttpWebRequest.GetRequestStream(TransportContext& context)
   at System.Net.HttpWebRequest.GetRequestStream()
   at EPiServer.Search.RequestHandler.MakeHttpRequest(String url, NamedIndexingServiceElement namedIndexingServiceElement, String method, Stream postData, Action`1 responseHandler)
   at EPiServer.Search.RequestHandler.SendRequest(SyndicationFeed feed, String namedIndexingService, Collection`1 ids)'
2017-04-06 16:55:57,496 [26] ERROR EPiServer.Search.RequestQueueHandler: Send batch for named index 'serviceName' failed. Items are left in queue.
2017-04-06 16:56:29,578 [35] ERROR EPiServer.Search.RequestHandler: Update batch could not be sent to service uri 'http://localhost:55560/IndexingService/IndexingService.svc/update/?accesskey=local'. Message: 'Unable to connect to the remote server   at System.Net.HttpWebRequest.GetRequestStream(TransportContext& context)
   at System.Net.HttpWebRequest.GetRequestStream()
   at EPiServer.Search.RequestHandler.MakeHttpRequest(String url, NamedIndexingServiceElement namedIndexingServiceElement, String method, Stream postData, Action`1 responseHandler)
   at EPiServer.Search.RequestHandler.SendRequest(SyndicationFeed feed, String namedIndexingService, Collection`1 ids)'
2017-04-06 16:56:29,598 [35] ERROR EPiServer.Search.RequestQueueHandler: Send batch for named index 'serviceName' failed. Items are left in queue.
2017-04-06 16:57:01,678 [14] ERROR EPiServer.Search.RequestHandler: Update batch could not be sent to service uri 'http://localhost:55560/IndexingService/IndexingService.svc/update/?accesskey=local'. Message: 'Unable to connect to the remote server   at System.Net.HttpWebRequest.GetRequestStream(TransportContext& context)
   at System.Net.HttpWebRequest.GetRequestStream()
   at EPiServer.Search.RequestHandler.MakeHttpRequest(String url, NamedIndexingServiceElement namedIndexingServiceElement, String method, Stream postData, Action`1 responseHandler)
   at EPiServer.Search.RequestHandler.SendRequest(SyndicationFeed feed, String namedIndexingService, Collection`1 ids)'
2017-04-06 16:57:01,698 [14] ERROR EPiServer.Search.RequestQueueHandler: Send batch for named index 'serviceName' failed. Items are left in queue.
2017-04-06 16:58:05,744 [23] ERROR EPiServer.Search.RequestHandler: Update batch could not be sent to service uri 'http://localhost:55560/IndexingService/IndexingService.svc/update/?accesskey=local'. Message: 'Unable to connect to the remote server   at System.Net.HttpWebRequest.GetRequestStream(TransportContext& context)
   at System.Net.HttpWebRequest.GetRequestStream()
   at EPiServer.Search.RequestHandler.MakeHttpRequest(String url, NamedIndexingServiceElement namedIndexingServiceElement, String method, Stream postData, Action`1 responseHandler)
   at EPiServer.Search.RequestHandler.SendRequest(SyndicationFeed feed, String namedIndexingService, Collection`1 ids)'
2017-04-06 16:58:05,754 [23] ERROR EPiServer.Search.RequestQueueHandler: Send batch for named index 'serviceName' failed. Items are left in queue.
2017-04-06 16:58:37,843 [63] ERROR EPiServer.Search.RequestHandler: Update batch could not be sent to service uri 'http://localhost:55560/IndexingService/IndexingService.svc/update/?accesskey=local'. Message: 'Unable to connect to the remote server   at System.Net.HttpWebRequest.GetRequestStream(TransportContext& context)
   at System.Net.HttpWebRequest.GetRequestStream()
   at EPiServer.Search.RequestHandler.MakeHttpRequest(String url, NamedIndexingServiceElement namedIndexingServiceElement, String method, Stream postData, Action`1 responseHandler)
   at EPiServer.Search.RequestHandler.SendRequest(SyndicationFeed feed, String namedIndexingService, Collection`1 ids)'
2017-04-06 16:58:37,863 [63] ERROR EPiServer.Search.RequestQueueHandler: Send batch for named index 'serviceName' failed. Items are left in queue.
2017-04-06 16:59:09,959 [35] ERROR EPiServer.Search.RequestHandler: Update batch could not be sent to service uri 'http://localhost:55560/IndexingService/IndexingService.svc/update/?accesskey=local'. Message: 'Unable to connect to the remote server   at System.Net.HttpWebRequest.GetRequestStream(TransportContext& context)
   at System.Net.HttpWebRequest.GetRequestStream()
   at EPiServer.Search.RequestHandler.MakeHttpRequest(String url, NamedIndexingServiceElement namedIndexingServiceElement, String method, Stream postData, Action`1 responseHandler)
   at EPiServer.Search.RequestHandler.SendRequest(SyndicationFeed feed, String namedIndexingService, Collection`1 ids)'
2017-04-06 16:59:09,979 [35] ERROR EPiServer.Search.RequestQueueHandler: Send batch for named index 'serviceName' failed. Items are left in queue.
2017-04-06 16:59:42,059 [67] ERROR EPiServer.Search.RequestHandler: Update batch could not be sent to service uri 'http://localhost:55560/IndexingService/IndexingService.svc/update/?accesskey=local'. Message: 'Unable to connect to the remote server   at System.Net.HttpWebRequest.GetRequestStream(TransportContext& context)
   at System.Net.HttpWebRequest.GetRequestStream()
   at EPiServer.Search.RequestHandler.MakeHttpRequest(String url, NamedIndexingServiceElement namedIndexingServiceElement, String method, Stream postData, Action`1 responseHandler)
   at EPiServer.Search.RequestHandler.SendRequest(SyndicationFeed feed, String namedIndexingService, Collection`1 ids)'
2017-04-06 16:59:42,080 [67] ERROR EPiServer.Search.RequestQueueHandler: Send batch for named index 'serviceName' failed. Items are left in queue.
2017-04-06 17:00:14,159 [54] ERROR EPiServer.Search.RequestHandler: Update batch could not be sent to service uri 'http://localhost:55560/IndexingService/IndexingService.svc/update/?accesskey=local'. Message: 'Unable to connect to the remote server   at System.Net.HttpWebRequest.GetRequestStream(TransportContext& context)
   at System.Net.HttpWebRequest.GetRequestStream()
   at EPiServer.Search.RequestHandler.MakeHttpRequest(String url, NamedIndexingServiceElement namedIndexingServiceElement, String method, Stream postData, Action`1 responseHandler)
   at EPiServer.Search.RequestHandler.SendRequest(SyndicationFeed feed, String namedIndexingService, Collection`1 ids)'
2017-04-06 17:00:14,179 [54] ERROR EPiServer.Search.RequestQueueHandler: Send batch for named index 'serviceName' failed. Items are left in queue.
2017-04-06 17:00:46,286 [35] ERROR EPiServer.Search.RequestHandler: Update batch could not be sent to service uri 'http://localhost:55560/IndexingService/IndexingService.svc/update/?accesskey=local'. Message: 'Unable to connect to the remote server   at System.Net.HttpWebRequest.GetRequestStream(TransportContext& context)
   at System.Net.HttpWebRequest.GetRequestStream()
   at EPiServer.Search.RequestHandler.MakeHttpRequest(String url, NamedIndexingServiceElement namedIndexingServiceElement, String method, Stream postData, Action`1 responseHandler)
   at EPiServer.Search.RequestHandler.SendRequest(SyndicationFeed feed, String namedIndexingService, Collection`1 ids)'
2017-04-06 17:00:46,305 [35] ERROR EPiServer.Search.RequestQueueHandler: Send batch for named index 'serviceName' failed. Items are left in queue.
2017-04-06 17:01:18,388 [48] ERROR EPiServer.Search.RequestHandler: Update batch could not be sent to service uri 'http://localhost:55560/IndexingService/IndexingService.svc/update/?accesskey=local'. Message: 'Unable to connect to the remote server   at System.Net.HttpWebRequest.GetRequestStream(TransportContext& context)
   at System.Net.HttpWebRequest.GetRequestStream()
   at EPiServer.Search.RequestHandler.MakeHttpRequest(String url, NamedIndexingServiceElement namedIndexingServiceElement, String method, Stream postData, Action`1 responseHandler)
   at EPiServer.Search.RequestHandler.SendRequest(SyndicationFeed feed, String namedIndexingService, Collection`1 ids)'
2017-04-06 17:01:18,409 [48] ERROR EPiServer.Search.RequestQueueHandler: Send batch for named index 'serviceName' failed. Items are left in queue.
2017-04-06 17:01:50,498 [67] ERROR EPiServer.Search.RequestHandler: Update batch could not be sent to service uri 'http://localhost:55560/IndexingService/IndexingService.svc/update/?accesskey=local'. Message: 'Unable to connect to the remote server   at System.Net.HttpWebRequest.GetRequestStream(TransportContext& context)
   at System.Net.HttpWebRequest.GetRequestStream()
   at EPiServer.Search.RequestHandler.MakeHttpRequest(String url, NamedIndexingServiceElement namedIndexingServiceElement, String method, Stream postData, Action`1 responseHandler)
   at EPiServer.Search.RequestHandler.SendRequest(SyndicationFeed feed, String namedIndexingService, Collection`1 ids)'
2017-04-06 17:01:50,520 [67] ERROR EPiServer.Search.RequestQueueHandler: Send batch for named index 'serviceName' failed. Items are left in queue.
2017-04-06 17:02:22,619 [49] ERROR EPiServer.Search.RequestHandler: Update batch could not be sent to service uri 'http://localhost:55560/IndexingService/IndexingService.svc/update/?accesskey=local'. Message: 'Unable to connect to the remote server   at System.Net.HttpWebRequest.GetRequestStream(TransportContext& context)
   at System.Net.HttpWebRequest.GetRequestStream()
   at EPiServer.Search.RequestHandler.MakeHttpRequest(String url, NamedIndexingServiceElement namedIndexingServiceElement, String method, Stream postData, Action`1 responseHandler)
   at EPiServer.Search.RequestHandler.SendRequest(SyndicationFeed feed, String namedIndexingService, Collection`1 ids)'
2017-04-06 17:02:22,637 [49] ERROR EPiServer.Search.RequestQueueHandler: Send batch for named index 'serviceName' failed. Items are left in queue.
2017-04-06 17:02:54,760 [52] ERROR EPiServer.Search.RequestHandler: Update batch could not be sent to service uri 'http://localhost:55560/IndexingService/IndexingService.svc/update/?accesskey=local'. Message: 'Unable to connect to the remote server   at System.Net.HttpWebRequest.GetRequestStream(TransportContext& context)
   at System.Net.HttpWebRequest.GetRequestStream()
   at EPiServer.Search.RequestHandler.MakeHttpRequest(String url, NamedIndexingServiceElement namedIndexingServiceElement, String method, Stream postData, Action`1 responseHandler)
   at EPiServer.Search.RequestHandler.SendRequest(SyndicationFeed feed, String namedIndexingService, Collection`1 ids)'
2017-04-06 17:02:54,780 [52] ERROR EPiServer.Search.RequestQueueHandler: Send batch for named index 'serviceName' failed. Items are left in queue.
2017-04-06 17:03:26,879 [49] ERROR EPiServer.Search.RequestHandler: Update batch could not be sent to service uri 'http://localhost:55560/IndexingService/IndexingService.svc/update/?accesskey=local'. Message: 'Unable to connect to the remote server   at System.Net.HttpWebRequest.GetRequestStream(TransportContext& context)
   at System.Net.HttpWebRequest.GetRequestStream()
   at EPiServer.Search.RequestHandler.MakeHttpRequest(String url, NamedIndexingServiceElement namedIndexingServiceElement, String method, Stream postData, Action`1 responseHandler)
   at EPiServer.Search.RequestHandler.SendRequest(SyndicationFeed feed, String namedIndexingService, Collection`1 ids)'
2017-04-06 17:03:26,899 [49] ERROR EPiServer.Search.RequestQueueHandler: Send batch for named index 'serviceName' failed. Items are left in queue.
2017-04-06 17:03:59,018 [20] ERROR EPiServer.Search.RequestHandler: Update batch could not be sent to service uri 'http://localhost:55560/IndexingService/IndexingService.svc/update/?accesskey=local'. Message: 'Unable to connect to the remote server   at System.Net.HttpWebRequest.GetRequestStream(TransportContext& context)
   at System.Net.HttpWebRequest.GetRequestStream()
   at EPiServer.Search.RequestHandler.MakeHttpRequest(String url, NamedIndexingServiceElement namedIndexingServiceElement, String method, Stream postData, Action`1 responseHandler)
   at EPiServer.Search.RequestHandler.SendRequest(SyndicationFeed feed, String namedIndexingService, Collection`1 ids)'
2017-04-06 17:03:59,039 [20] ERROR EPiServer.Search.RequestQueueHandler: Send batch for named index 'serviceName' failed. Items are left in queue.
2017-04-06 17:04:31,111 [33] ERROR EPiServer.Search.RequestHandler: Update batch could not be sent to service uri 'http://localhost:55560/IndexingService/IndexingService.svc/update/?accesskey=local'. Message: 'Unable to connect to the remote server   at System.Net.HttpWebRequest.GetRequestStream(TransportContext& context)
   at System.Net.HttpWebRequest.GetRequestStream()
   at EPiServer.Search.RequestHandler.MakeHttpRequest(String url, NamedIndexingServiceElement namedIndexingServiceElement, String method, Stream postData, Action`1 responseHandler)
   at EPiServer.Search.RequestHandler.SendRequest(SyndicationFeed feed, String namedIndexingService, Collection`1 ids)'
2017-04-06 17:04:31,132 [33] ERROR EPiServer.Search.RequestQueueHandler: Send batch for named index 'serviceName' failed. Items are left in queue.
2017-04-06 17:05:03,230 [37] ERROR EPiServer.Search.RequestHandler: Update batch could not be sent to service uri 'http://localhost:55560/IndexingService/IndexingService.svc/update/?accesskey=local'. Message: 'Unable to connect to the remote server   at System.Net.HttpWebRequest.GetRequestStream(TransportContext& context)
   at System.Net.HttpWebRequest.GetRequestStream()
   at EPiServer.Search.RequestHandler.MakeHttpRequest(String url, NamedIndexingServiceElement namedIndexingServiceElement, String method, Stream postData, Action`1 responseHandler)
   at EPiServer.Search.RequestHandler.SendRequest(SyndicationFeed feed, String namedIndexingService, Collection`1 ids)'
2017-04-06 17:05:03,248 [37] ERROR EPiServer.Search.RequestQueueHandler: Send batch for named index 'serviceName' failed. Items are left in queue.
2017-04-06 17:05:35,310 [5] ERROR EPiServer.Search.RequestHandler: Update batch could not be sent to service uri 'http://localhost:55560/IndexingService/IndexingService.svc/update/?accesskey=local'. Message: 'Unable to connect to the remote server   at System.Net.HttpWebRequest.GetRequestStream(TransportContext& context)
   at System.Net.HttpWebRequest.GetRequestStream()
   at EPiServer.Search.RequestHandler.MakeHttpRequest(String url, NamedIndexingServiceElement namedIndexingServiceElement, String method, Stream postData, Action`1 responseHandler)
   at EPiServer.Search.RequestHandler.SendRequest(SyndicationFeed feed, String namedIndexingService, Collection`1 ids)'
2017-04-06 17:05:35,330 [5] ERROR EPiServer.Search.RequestQueueHandler: Send batch for named index 'serviceName' failed. Items are left in queue.
2017-04-06 17:06:07,415 [57] ERROR EPiServer.Search.RequestHandler: Update batch could not be sent to service uri 'http://localhost:55560/IndexingService/IndexingService.svc/update/?accesskey=local'. Message: 'Unable to connect to the remote server   at System.Net.HttpWebRequest.GetRequestStream(TransportContext& context)
   at System.Net.HttpWebRequest.GetRequestStream()
   at EPiServer.Search.RequestHandler.MakeHttpRequest(String url, NamedIndexingServiceElement namedIndexingServiceElement, String method, Stream postData, Action`1 responseHandler)
   at EPiServer.Search.RequestHandler.SendRequest(SyndicationFeed feed, String namedIndexingService, Collection`1 ids)'
2017-04-06 17:06:07,435 [57] ERROR EPiServer.Search.RequestQueueHandler: Send batch for named index 'serviceName' failed. Items are left in queue.
2017-04-06 17:06:39,539 [43] ERROR EPiServer.Search.RequestHandler: Update batch could not be sent to service uri 'http://localhost:55560/IndexingService/IndexingService.svc/update/?accesskey=local'. Message: 'Unable to connect to the remote server   at System.Net.HttpWebRequest.GetRequestStream(TransportContext& context)
   at System.Net.HttpWebRequest.GetRequestStream()
   at EPiServer.Search.RequestHandler.MakeHttpRequest(String url, NamedIndexingServiceElement namedIndexingServiceElement, String method, Stream postData, Action`1 responseHandler)
   at EPiServer.Search.RequestHandler.SendRequest(SyndicationFeed feed, String namedIndexingService, Collection`1 ids)'
2017-04-06 17:06:39,558 [43] ERROR EPiServer.Search.RequestQueueHandler: Send batch for named index 'serviceName' failed. Items are left in queue.
2017-04-06 17:07:11,638 [13] ERROR EPiServer.Search.RequestHandler: Update batch could not be sent to service uri 'http://localhost:55560/IndexingService/IndexingService.svc/update/?accesskey=local'. Message: 'Unable to connect to the remote server   at System.Net.HttpWebRequest.GetRequestStream(TransportContext& context)
   at System.Net.HttpWebRequest.GetRequestStream()
   at EPiServer.Search.RequestHandler.MakeHttpRequest(String url, NamedIndexingServiceElement namedIndexingServiceElement, String method, Stream postData, Action`1 responseHandler)
   at EPiServer.Search.RequestHandler.SendRequest(SyndicationFeed feed, String namedIndexingService, Collection`1 ids)'
2017-04-06 17:07:11,658 [13] ERROR EPiServer.Search.RequestQueueHandler: Send batch for named index 'serviceName' failed. Items are left in queue.
2017-04-06 17:07:43,749 [11] ERROR EPiServer.Search.RequestHandler: Update batch could not be sent to service uri 'http://localhost:55560/IndexingService/IndexingService.svc/update/?accesskey=local'. Message: 'Unable to connect to the remote server   at System.Net.HttpWebRequest.GetRequestStream(TransportContext& context)
   at System.Net.HttpWebRequest.GetRequestStream()
   at EPiServer.Search.RequestHandler.MakeHttpRequest(String url, NamedIndexingServiceElement namedIndexingServiceElement, String method, Stream postData, Action`1 responseHandler)
   at EPiServer.Search.RequestHandler.SendRequest(SyndicationFeed feed, String namedIndexingService, Collection`1 ids)'
2017-04-06 17:07:43,769 [11] ERROR EPiServer.Search.RequestQueueHandler: Send batch for named index 'serviceName' failed. Items are left in queue.
2017-04-06 17:08:15,844 [20] ERROR EPiServer.Search.RequestHandler: Update batch could not be sent to service uri 'http://localhost:55560/IndexingService/IndexingService.svc/update/?accesskey=local'. Message: 'Unable to connect to the remote server   at System.Net.HttpWebRequest.GetRequestStream(TransportContext& context)
   at System.Net.HttpWebRequest.GetRequestStream()
   at EPiServer.Search.RequestHandler.MakeHttpRequest(String url, NamedIndexingServiceElement namedIndexingServiceElement, String method, Stream postData, Action`1 responseHandler)
   at EPiServer.Search.RequestHandler.SendRequest(SyndicationFeed feed, String namedIndexingService, Collection`1 ids)'
2017-04-06 17:08:15,866 [20] ERROR EPiServer.Search.RequestQueueHandler: Send batch for named index 'serviceName' failed. Items are left in queue.
2017-04-06 17:08:47,945 [12] ERROR EPiServer.Search.RequestHandler: Update batch could not be sent to service uri 'http://localhost:55560/IndexingService/IndexingService.svc/update/?accesskey=local'. Message: 'Unable to connect to the remote server   at System.Net.HttpWebRequest.GetRequestStream(TransportContext& context)
   at System.Net.HttpWebRequest.GetRequestStream()
   at EPiServer.Search.RequestHandler.MakeHttpRequest(String url, NamedIndexingServiceElement namedIndexingServiceElement, String method, Stream postData, Action`1 responseHandler)
   at EPiServer.Search.RequestHandler.SendRequest(SyndicationFeed feed, String namedIndexingService, Collection`1 ids)'
2017-04-06 17:08:47,965 [12] ERROR EPiServer.Search.RequestQueueHandler: Send batch for named index 'serviceName' failed. Items are left in queue.
2017-04-06 17:09:20,036 [37] ERROR EPiServer.Search.RequestHandler: Update batch could not be sent to service uri 'http://localhost:55560/IndexingService/IndexingService.svc/update/?accesskey=local'. Message: 'Unable to connect to the remote server   at System.Net.HttpWebRequest.GetRequestStream(TransportContext& context)
   at System.Net.HttpWebRequest.GetRequestStream()
   at EPiServer.Search.RequestHandler.MakeHttpRequest(String url, NamedIndexingServiceElement namedIndexingServiceElement, String method, Stream postData, Action`1 responseHandler)
   at EPiServer.Search.RequestHandler.SendRequest(SyndicationFeed feed, String namedIndexingService, Collection`1 ids)'
2017-04-06 17:09:20,043 [37] ERROR EPiServer.Search.RequestQueueHandler: Send batch for named index 'serviceName' failed. Items are left in queue.
2017-04-06 17:09:52,094 [84] ERROR EPiServer.Search.RequestHandler: Update batch could not be sent to service uri 'http://localhost:55560/IndexingService/IndexingService.svc/update/?accesskey=local'. Message: 'Unable to connect to the remote server   at System.Net.HttpWebRequest.GetRequestStream(TransportContext& context)
   at System.Net.HttpWebRequest.GetRequestStream()
   at EPiServer.Search.RequestHandler.MakeHttpRequest(String url, NamedIndexingServiceElement namedIndexingServiceElement, String method, Stream postData, Action`1 responseHandler)
   at EPiServer.Search.RequestHandler.SendRequest(SyndicationFeed feed, String namedIndexingService, Collection`1 ids)'
2017-04-06 17:09:52,102 [84] ERROR EPiServer.Search.RequestQueueHandler: Send batch for named index 'serviceName' failed. Items are left in queue.
2017-04-06 17:10:24,153 [70] ERROR EPiServer.Search.RequestHandler: Update batch could not be sent to service uri 'http://localhost:55560/IndexingService/IndexingService.svc/update/?accesskey=local'. Message: 'Unable to connect to the remote server   at System.Net.HttpWebRequest.GetRequestStream(TransportContext& context)
   at System.Net.HttpWebRequest.GetRequestStream()
   at EPiServer.Search.RequestHandler.MakeHttpRequest(String url, NamedIndexingServiceElement namedIndexingServiceElement, String method, Stream postData, Action`1 responseHandler)
   at EPiServer.Search.RequestHandler.SendRequest(SyndicationFeed feed, String namedIndexingService, Collection`1 ids)'
2017-04-06 17:10:24,174 [70] ERROR EPiServer.Search.RequestQueueHandler: Send batch for named index 'serviceName' failed. Items are left in queue.
2017-04-06 17:10:56,240 [70] ERROR EPiServer.Search.RequestHandler: Update batch could not be sent to service uri 'http://localhost:55560/IndexingService/IndexingService.svc/update/?accesskey=local'. Message: 'Unable to connect to the remote server   at System.Net.HttpWebRequest.GetRequestStream(TransportContext& context)
   at System.Net.HttpWebRequest.GetRequestStream()
   at EPiServer.Search.RequestHandler.MakeHttpRequest(String url, NamedIndexingServiceElement namedIndexingServiceElement, String method, Stream postData, Action`1 responseHandler)
   at EPiServer.Search.RequestHandler.SendRequest(SyndicationFeed feed, String namedIndexingService, Collection`1 ids)'
2017-04-06 17:10:56,252 [70] ERROR EPiServer.Search.RequestQueueHandler: Send batch for named index 'serviceName' failed. Items are left in queue.
2017-04-06 17:11:40,049 [50] ERROR EPiServer.Search.RequestHandler: Update batch could not be sent to service uri 'http://localhost:55560/IndexingService/IndexingService.svc/update/?accesskey=local'. Message: 'Unable to connect to the remote server   at System.Net.HttpWebRequest.GetRequestStream(TransportContext& context)
   at System.Net.HttpWebRequest.GetRequestStream()
   at EPiServer.Search.RequestHandler.MakeHttpRequest(String url, NamedIndexingServiceElement namedIndexingServiceElement, String method, Stream postData, Action`1 responseHandler)
   at EPiServer.Search.RequestHandler.SendRequest(SyndicationFeed feed, String namedIndexingService, Collection`1 ids)'
2017-04-06 17:11:40,087 [50] ERROR EPiServer.Search.RequestQueueHandler: Send batch for named index 'serviceName' failed. Items are left in queue.
2017-04-06 17:12:03,317 [44] ERROR EPiServer.Global: 1.2.5 Unhandled exception in ASP.NET
Lucene.Net.QueryParsers.ParseException: Cannot parse '+*:* +title:*test*': '*' or '?' not allowed as first character in WildcardQuery ---> Lucene.Net.QueryParsers.ParseException: '*' or '?' not allowed as first character in WildcardQuery
   at Lucene.Net.QueryParsers.QueryParser.GetWildcardQuery(String field, String termStr) in d:\Lucene.Net\FullRepo\trunk\src\core\QueryParser\QueryParser.cs:line 996
   at Lucene.Net.QueryParsers.QueryParser.Term(String field) in d:\Lucene.Net\FullRepo\trunk\src\core\QueryParser\QueryParser.cs:line 1494
   at Lucene.Net.QueryParsers.QueryParser.Clause(String field) in d:\Lucene.Net\FullRepo\trunk\src\core\QueryParser\QueryParser.cs:line 1383
   at Lucene.Net.QueryParsers.QueryParser.Query(String field) in d:\Lucene.Net\FullRepo\trunk\src\core\QueryParser\QueryParser.cs:line 1331
   at Lucene.Net.QueryParsers.QueryParser.Parse(String query) in d:\Lucene.Net\FullRepo\trunk\src\core\QueryParser\QueryParser.cs:line 223
   --- End of inner exception stack trace ---
   at Lucene.Net.QueryParsers.QueryParser.Parse(String query) in d:\Lucene.Net\FullRepo\trunk\src\core\QueryParser\QueryParser.cs:line 229
   at MissionSearch.Clients.LuceneClient.BuildQuery(IndexSearcher searcher, SearchRequest request) in c:\iisweb\MissionSearch\MissionSearchCore\MissionSearchCore1.1.0.0\MissionSearchCore\Clients\Lucene\LuceneClient.cs:line 167
   at MissionSearch.Clients.LuceneClient`1.Search(SearchRequest request) in c:\iisweb\MissionSearch\MissionSearchCore\MissionSearchCore1.1.0.0\MissionSearchCore\Clients\Lucene\LuceneClient.cs:line 439
   at MissionSearch.Suggester.QuerySuggester.TermSearch(String term, Int32 page, Int32 pagesize) in c:\iisweb\MissionSearch\MissionSearchCore\MissionSearchCore1.1.0.0\MissionSearchCore\Search\Suggester\QuerySuggester.cs:line 85
   at MissionSearch.Suggester.QuerySuggester.GetMatches(String term, Int32 minimumFrequency) in c:\iisweb\MissionSearch\MissionSearchCore\MissionSearchCore1.1.0.0\MissionSearchCore\Search\Suggester\QuerySuggester.cs:line 58
   at BaseSite.Controllers.SearchPageController.AutoComplete(SearchPage currentPage) in c:\iisweb\MissionSearch\MissionSearchEpi\MissionSearchEpi1.1.0.0\Website\Controllers\SearchPageController.cs:line 107
   at lambda_method(Closure , ControllerBase , Object[] )
   at System.Web.Mvc.ActionMethodDispatcher.Execute(ControllerBase controller, Object[] parameters)
   at System.Web.Mvc.ReflectedActionDescriptor.Execute(ControllerContext controllerContext, IDictionary`2 parameters)
   at System.Web.Mvc.ControllerActionInvoker.InvokeActionMethod(ControllerContext controllerContext, ActionDescriptor actionDescriptor, IDictionary`2 parameters)
   at System.Web.Mvc.Async.AsyncControllerActionInvoker.<BeginInvokeSynchronousActionMethod>b__39(IAsyncResult asyncResult, ActionInvocation innerInvokeState)
   at System.Web.Mvc.Async.AsyncResultWrapper.WrappedAsyncResult`2.CallEndDelegate(IAsyncResult asyncResult)
   at System.Web.Mvc.Async.AsyncResultWrapper.WrappedAsyncResultBase`1.End()
   at System.Web.Mvc.Async.AsyncControllerActionInvoker.EndInvokeActionMethod(IAsyncResult asyncResult)
   at System.Web.Mvc.Async.AsyncControllerActionInvoker.AsyncInvocationWithFilters.<InvokeActionMethodFilterAsynchronouslyRecursive>b__3d()
   at System.Web.Mvc.Async.AsyncControllerActionInvoker.AsyncInvocationWithFilters.<>c__DisplayClass46.<InvokeActionMethodFilterAsynchronouslyRecursive>b__3f()
   at System.Web.Mvc.Async.AsyncControllerActionInvoker.AsyncInvocationWithFilters.<>c__DisplayClass46.<InvokeActionMethodFilterAsynchronouslyRecursive>b__3f()
   at System.Web.Mvc.Async.AsyncControllerActionInvoker.AsyncInvocationWithFilters.<>c__DisplayClass46.<InvokeActionMethodFilterAsynchronouslyRecursive>b__3f()
   at System.Web.Mvc.Async.AsyncControllerActionInvoker.AsyncInvocationWithFilters.<>c__DisplayClass46.<InvokeActionMethodFilterAsynchronouslyRecursive>b__3f()
   at System.Web.Mvc.Async.AsyncControllerActionInvoker.AsyncInvocationWithFilters.<>c__DisplayClass46.<InvokeActionMethodFilterAsynchronouslyRecursive>b__3f()
   at System.Web.Mvc.Async.AsyncControllerActionInvoker.AsyncInvocationWithFilters.<>c__DisplayClass46.<InvokeActionMethodFilterAsynchronouslyRecursive>b__3f()
   at System.Web.Mvc.Async.AsyncControllerActionInvoker.<>c__DisplayClass33.<BeginInvokeActionMethodWithFilters>b__32(IAsyncResult asyncResult)
   at System.Web.Mvc.Async.AsyncResultWrapper.WrappedAsyncResult`1.CallEndDelegate(IAsyncResult asyncResult)
   at System.Web.Mvc.Async.AsyncResultWrapper.WrappedAsyncResultBase`1.End()
   at System.Web.Mvc.Async.AsyncControllerActionInvoker.EndInvokeActionMethodWithFilters(IAsyncResult asyncResult)
   at System.Web.Mvc.Async.AsyncControllerActionInvoker.<>c__DisplayClass21.<>c__DisplayClass2b.<BeginInvokeAction>b__1c()
   at System.Web.Mvc.Async.AsyncControllerActionInvoker.<>c__DisplayClass21.<BeginInvokeAction>b__1e(IAsyncResult asyncResult)
   at System.Web.Mvc.Async.AsyncResultWrapper.WrappedAsyncResult`1.CallEndDelegate(IAsyncResult asyncResult)
   at System.Web.Mvc.Async.AsyncResultWrapper.WrappedAsyncResultBase`1.End()
   at System.Web.Mvc.Async.AsyncControllerActionInvoker.EndInvokeAction(IAsyncResult asyncResult)
   at System.Web.Mvc.Controller.<BeginExecuteCore>b__1d(IAsyncResult asyncResult, ExecuteCoreState innerState)
   at System.Web.Mvc.Async.AsyncResultWrapper.WrappedAsyncVoid`1.CallEndDelegate(IAsyncResult asyncResult)
   at System.Web.Mvc.Async.AsyncResultWrapper.WrappedAsyncResultBase`1.End()
   at System.Web.Mvc.Controller.EndExecuteCore(IAsyncResult asyncResult)
   at System.Web.Mvc.Controller.<BeginExecute>b__15(IAsyncResult asyncResult, Controller controller)
   at System.Web.Mvc.Async.AsyncResultWrapper.WrappedAsyncVoid`1.CallEndDelegate(IAsyncResult asyncResult)
   at System.Web.Mvc.Async.AsyncResultWrapper.WrappedAsyncResultBase`1.End()
   at System.Web.Mvc.Controller.EndExecute(IAsyncResult asyncResult)
   at System.Web.Mvc.Controller.System.Web.Mvc.Async.IAsyncController.EndExecute(IAsyncResult asyncResult)
   at System.Web.Mvc.MvcHandler.<BeginProcessRequest>b__5(IAsyncResult asyncResult, ProcessRequestState innerState)
   at System.Web.Mvc.Async.AsyncResultWrapper.WrappedAsyncVoid`1.CallEndDelegate(IAsyncResult asyncResult)
   at System.Web.Mvc.Async.AsyncResultWrapper.WrappedAsyncResultBase`1.End()
   at System.Web.Mvc.MvcHandler.EndProcessRequest(IAsyncResult asyncResult)
   at System.Web.Mvc.MvcHandler.System.Web.IHttpAsyncHandler.EndProcessRequest(IAsyncResult result)
   at System.Web.HttpApplication.CallHandlerExecutionStep.System.Web.HttpApplication.IExecutionStep.Execute()
   at System.Web.HttpApplication.ExecuteStep(IExecutionStep step, Boolean& completedSynchronously)
Lucene.Net.QueryParsers.ParseException: Cannot parse '+*:* +title:*test*': '*' or '?' not allowed as first character in WildcardQuery ---> Lucene.Net.QueryParsers.ParseException: '*' or '?' not allowed as first character in WildcardQuery
   at Lucene.Net.QueryParsers.QueryParser.GetWildcardQuery(String field, String termStr) in d:\Lucene.Net\FullRepo\trunk\src\core\QueryParser\QueryParser.cs:line 996
   at Lucene.Net.QueryParsers.QueryParser.Term(String field) in d:\Lucene.Net\FullRepo\trunk\src\core\QueryParser\QueryParser.cs:line 1494
   at Lucene.Net.QueryParsers.QueryParser.Clause(String field) in d:\Lucene.Net\FullRepo\trunk\src\core\QueryParser\QueryParser.cs:line 1383
   at Lucene.Net.QueryParsers.QueryParser.Query(String field) in d:\Lucene.Net\FullRepo\trunk\src\core\QueryParser\QueryParser.cs:line 1331
   at Lucene.Net.QueryParsers.QueryParser.Parse(String query) in d:\Lucene.Net\FullRepo\trunk\src\core\QueryParser\QueryParser.cs:line 223
   --- End of inner exception stack trace ---
   at Lucene.Net.QueryParsers.QueryParser.Parse(String query) in d:\Lucene.Net\FullRepo\trunk\src\core\QueryParser\QueryParser.cs:line 229
   at MissionSearch.Clients.LuceneClient.BuildQuery(IndexSearcher searcher, SearchRequest request) in c:\iisweb\MissionSearch\MissionSearchCore\MissionSearchCore1.1.0.0\MissionSearchCore\Clients\Lucene\LuceneClient.cs:line 167
   at MissionSearch.Clients.LuceneClient`1.Search(SearchRequest request) in c:\iisweb\MissionSearch\MissionSearchCore\MissionSearchCore1.1.0.0\MissionSearchCore\Clients\Lucene\LuceneClient.cs:line 439
   at MissionSearch.Suggester.QuerySuggester.TermSearch(String term, Int32 page, Int32 pagesize) in c:\iisweb\MissionSearch\MissionSearchCore\MissionSearchCore1.1.0.0\MissionSearchCore\Search\Suggester\QuerySuggester.cs:line 85
   at MissionSearch.Suggester.QuerySuggester.GetMatches(String term, Int32 minimumFrequency) in c:\iisweb\MissionSearch\MissionSearchCore\MissionSearchCore1.1.0.0\MissionSearchCore\Search\Suggester\QuerySuggester.cs:line 58
   at BaseSite.Controllers.SearchPageController.AutoComplete(SearchPage currentPage) in c:\iisweb\MissionSearch\MissionSearchEpi\MissionSearchEpi1.1.0.0\Website\Controllers\SearchPageController.cs:line 107
   at lambda_method(Closure , ControllerBase , Object[] )
   at System.Web.Mvc.ActionMethodDispatcher.Execute(ControllerBase controller, Object[] parameters)
   at System.Web.Mvc.ReflectedActionDescriptor.Execute(ControllerContext controllerContext, IDictionary`2 parameters)
   at System.Web.Mvc.ControllerActionInvoker.InvokeActionMethod(ControllerContext controllerContext, ActionDescriptor actionDescriptor, IDictionary`2 parameters)
   at System.Web.Mvc.Async.AsyncControllerActionInvoker.<BeginInvokeSynchronousActionMethod>b__39(IAsyncResult asyncResult, ActionInvocation innerInvokeState)
   at System.Web.Mvc.Async.AsyncResultWrapper.WrappedAsyncResult`2.CallEndDelegate(IAsyncResult asyncResult)
   at System.Web.Mvc.Async.AsyncResultWrapper.WrappedAsyncResultBase`1.End()
   at System.Web.Mvc.Async.AsyncControllerActionInvoker.EndInvokeActionMethod(IAsyncResult asyncResult)
   at System.Web.Mvc.Async.AsyncControllerActionInvoker.AsyncInvocationWithFilters.<InvokeActionMethodFilterAsynchronouslyRecursive>b__3d()
   at System.Web.Mvc.Async.AsyncControllerActionInvoker.AsyncInvocationWithFilters.<>c__DisplayClass46.<InvokeActionMethodFilterAsynchronouslyRecursive>b__3f()
   at System.Web.Mvc.Async.AsyncControllerActionInvoker.AsyncInvocationWithFilters.<>c__DisplayClass46.<InvokeActionMethodFilterAsynchronouslyRecursive>b__3f()
   at System.Web.Mvc.Async.AsyncControllerActionInvoker.AsyncInvocationWithFilters.<>c__DisplayClass46.<InvokeActionMethodFilterAsynchronouslyRecursive>b__3f()
   at System.Web.Mvc.Async.AsyncControllerActionInvoker.AsyncInvocationWithFilters.<>c__DisplayClass46.<InvokeActionMethodFilterAsynchronouslyRecursive>b__3f()
   at System.Web.Mvc.Async.AsyncControllerActionInvoker.AsyncInvocationWithFilters.<>c__DisplayClass46.<InvokeActionMethodFilterAsynchronouslyRecursive>b__3f()
   at System.Web.Mvc.Async.AsyncControllerActionInvoker.AsyncInvocationWithFilters.<>c__DisplayClass46.<InvokeActionMethodFilterAsynchronouslyRecursive>b__3f()
   at System.Web.Mvc.Async.AsyncControllerActionInvoker.<>c__DisplayClass33.<BeginInvokeActionMethodWithFilters>b__32(IAsyncResult asyncResult)
   at System.Web.Mvc.Async.AsyncResultWrapper.WrappedAsyncResult`1.CallEndDelegate(IAsyncResult asyncResult)
   at System.Web.Mvc.Async.AsyncResultWrapper.WrappedAsyncResultBase`1.End()
   at System.Web.Mvc.Async.AsyncControllerActionInvoker.EndInvokeActionMethodWithFilters(IAsyncResult asyncResult)
   at System.Web.Mvc.Async.AsyncControllerActionInvoker.<>c__DisplayClass21.<>c__DisplayClass2b.<BeginInvokeAction>b__1c()
   at System.Web.Mvc.Async.AsyncControllerActionInvoker.<>c__DisplayClass21.<BeginInvokeAction>b__1e(IAsyncResult asyncResult)
   at System.Web.Mvc.Async.AsyncResultWrapper.WrappedAsyncResult`1.CallEndDelegate(IAsyncResult asyncResult)
   at System.Web.Mvc.Async.AsyncResultWrapper.WrappedAsyncResultBase`1.End()
   at System.Web.Mvc.Async.AsyncControllerActionInvoker.EndInvokeAction(IAsyncResult asyncResult)
   at System.Web.Mvc.Controller.<BeginExecuteCore>b__1d(IAsyncResult asyncResult, ExecuteCoreState innerState)
   at System.Web.Mvc.Async.AsyncResultWrapper.WrappedAsyncVoid`1.CallEndDelegate(IAsyncResult asyncResult)
   at System.Web.Mvc.Async.AsyncResultWrapper.WrappedAsyncResultBase`1.End()
   at System.Web.Mvc.Controller.EndExecuteCore(IAsyncResult asyncResult)
   at System.Web.Mvc.Controller.<BeginExecute>b__15(IAsyncResult asyncResult, Controller controller)
   at System.Web.Mvc.Async.AsyncResultWrapper.WrappedAsyncVoid`1.CallEndDelegate(IAsyncResult asyncResult)
   at System.Web.Mvc.Async.AsyncResultWrapper.WrappedAsyncResultBase`1.End()
   at System.Web.Mvc.Controller.EndExecute(IAsyncResult asyncResult)
   at System.Web.Mvc.Controller.System.Web.Mvc.Async.IAsyncController.EndExecute(IAsyncResult asyncResult)
   at System.Web.Mvc.MvcHandler.<BeginProcessRequest>b__5(IAsyncResult asyncResult, ProcessRequestState innerState)
   at System.Web.Mvc.Async.AsyncResultWrapper.WrappedAsyncVoid`1.CallEndDelegate(IAsyncResult asyncResult)
   at System.Web.Mvc.Async.AsyncResultWrapper.WrappedAsyncResultBase`1.End()
   at System.Web.Mvc.MvcHandler.EndProcessRequest(IAsyncResult asyncResult)
   at System.Web.Mvc.MvcHandler.System.Web.IHttpAsyncHandler.EndProcessRequest(IAsyncResult result)
   at System.Web.HttpApplication.CallHandlerExecutionStep.System.Web.HttpApplication.IExecutionStep.Execute()
   at System.Web.HttpApplication.ExecuteStep(IExecutionStep step, Boolean& completedSynchronously)
2017-04-06 17:12:12,157 [47] ERROR EPiServer.Search.RequestHandler: Update batch could not be sent to service uri 'http://localhost:55560/IndexingService/IndexingService.svc/update/?accesskey=local'. Message: 'Unable to connect to the remote server   at System.Net.HttpWebRequest.GetRequestStream(TransportContext& context)
   at System.Net.HttpWebRequest.GetRequestStream()
   at EPiServer.Search.RequestHandler.MakeHttpRequest(String url, NamedIndexingServiceElement namedIndexingServiceElement, String method, Stream postData, Action`1 responseHandler)
   at EPiServer.Search.RequestHandler.SendRequest(SyndicationFeed feed, String namedIndexingService, Collection`1 ids)'
2017-04-06 17:12:12,192 [47] ERROR EPiServer.Search.RequestQueueHandler: Send batch for named index 'serviceName' failed. Items are left in queue.
