2016-12-08 17:46:24,922 [8] ERROR EPiServer.Search.RequestHandler: Update batch could not be sent to service uri 'http://localhost:55560/IndexingService/IndexingService.svc/update/?accesskey=local'. Message: 'Unable to connect to the remote server   at System.Net.HttpWebRequest.GetRequestStream(TransportContext& context)
   at System.Net.HttpWebRequest.GetRequestStream()
   at EPiServer.Search.RequestHandler.MakeHttpRequest(String url, NamedIndexingServiceElement namedIndexingServiceElement, String method, Stream postData, Action`1 responseHandler)
   at EPiServer.Search.RequestHandler.SendRequest(SyndicationFeed feed, String namedIndexingService, Collection`1 ids)'
2016-12-08 17:46:24,938 [8] ERROR EPiServer.Search.RequestQueueHandler: Send batch for named index 'serviceName' failed. Items are left in queue.
2016-12-08 17:46:57,034 [9] ERROR EPiServer.Search.RequestHandler: Update batch could not be sent to service uri 'http://localhost:55560/IndexingService/IndexingService.svc/update/?accesskey=local'. Message: 'Unable to connect to the remote server   at System.Net.HttpWebRequest.GetRequestStream(TransportContext& context)
   at System.Net.HttpWebRequest.GetRequestStream()
   at EPiServer.Search.RequestHandler.MakeHttpRequest(String url, NamedIndexingServiceElement namedIndexingServiceElement, String method, Stream postData, Action`1 responseHandler)
   at EPiServer.Search.RequestHandler.SendRequest(SyndicationFeed feed, String namedIndexingService, Collection`1 ids)'
2016-12-08 17:46:57,034 [9] ERROR EPiServer.Search.RequestQueueHandler: Send batch for named index 'serviceName' failed. Items are left in queue.
2016-12-08 17:55:31,816 [18] ERROR EPiServer.DataAbstraction.ScheduledJob: Failed to load type 'BaseSite.Business.Search.SolrCrawl' from assembly 'EPiServerSiteBase' to remove this job permanent remove the contents of tblScheduledItemLog and tblScheduledItem for the job 'Run SOLR Search Crawl' with jobId ='f01ffb51-9f4c-4f3a-882a-d6435fbc3202' from the database
System.TypeLoadException: Could not load type 'BaseSite.Business.Search.SolrCrawl' from assembly 'EPiServerSiteBase, Version=1.0.0.0, Culture=neutral, PublicKeyToken=null'.
   at System.Reflection.RuntimeAssembly.GetType(RuntimeAssembly assembly, String name, Boolean throwOnError, Boolean ignoreCase, ObjectHandleOnStack type)
   at System.Reflection.RuntimeAssembly.GetType(String name, Boolean throwOnError, Boolean ignoreCase)
   at System.Reflection.Assembly.GetType(String name, Boolean throwOnError)
   at EPiServer.DataAbstraction.ScheduledJob.InternalExec(Boolean startThread)
System.TypeLoadException: Could not load type 'BaseSite.Business.Search.SolrCrawl' from assembly 'EPiServerSiteBase, Version=1.0.0.0, Culture=neutral, PublicKeyToken=null'.
   at System.Reflection.RuntimeAssembly.GetType(RuntimeAssembly assembly, String name, Boolean throwOnError, Boolean ignoreCase, ObjectHandleOnStack type)
   at System.Reflection.RuntimeAssembly.GetType(String name, Boolean throwOnError, Boolean ignoreCase)
   at System.Reflection.Assembly.GetType(String name, Boolean throwOnError)
   at EPiServer.DataAbstraction.ScheduledJob.InternalExec(Boolean startThread)
2016-12-08 17:55:41,931 [18] ERROR EPiServer.DataAbstraction.ScheduledJob: Failed to load type 'BaseSite.Business.Jobs.SearchIncrentmentalCrawl' from assembly 'EPiServerSiteBase' to remove this job permanent remove the contents of tblScheduledItemLog and tblScheduledItem for the job 'Run Incremental SOLR Search Crawl' with jobId ='3618a03f-c2a3-44b0-8267-9e5a18de3f6e' from the database
System.TypeLoadException: Could not load type 'BaseSite.Business.Jobs.SearchIncrentmentalCrawl' from assembly 'EPiServerSiteBase, Version=1.0.0.0, Culture=neutral, PublicKeyToken=null'.
   at System.Reflection.RuntimeAssembly.GetType(RuntimeAssembly assembly, String name, Boolean throwOnError, Boolean ignoreCase, ObjectHandleOnStack type)
   at System.Reflection.RuntimeAssembly.GetType(String name, Boolean throwOnError, Boolean ignoreCase)
   at System.Reflection.Assembly.GetType(String name, Boolean throwOnError)
   at EPiServer.DataAbstraction.ScheduledJob.InternalExec(Boolean startThread)
System.TypeLoadException: Could not load type 'BaseSite.Business.Jobs.SearchIncrentmentalCrawl' from assembly 'EPiServerSiteBase, Version=1.0.0.0, Culture=neutral, PublicKeyToken=null'.
   at System.Reflection.RuntimeAssembly.GetType(RuntimeAssembly assembly, String name, Boolean throwOnError, Boolean ignoreCase, ObjectHandleOnStack type)
   at System.Reflection.RuntimeAssembly.GetType(String name, Boolean throwOnError, Boolean ignoreCase)
   at System.Reflection.Assembly.GetType(String name, Boolean throwOnError)
   at EPiServer.DataAbstraction.ScheduledJob.InternalExec(Boolean startThread)
2016-12-08 17:55:52,102 [18] ERROR EPiServer.DataAbstraction.ScheduledJob: Failed to load type 'BaseSite.Business.Jobs.SearchCrawl' from assembly 'EPiServerSiteBase' to remove this job permanent remove the contents of tblScheduledItemLog and tblScheduledItem for the job 'Run SOLR Search Crawl' with jobId ='4e107143-4fb0-48e1-964f-e9aae7f9af19' from the database
System.TypeLoadException: Could not load type 'BaseSite.Business.Jobs.SearchCrawl' from assembly 'EPiServerSiteBase, Version=1.0.0.0, Culture=neutral, PublicKeyToken=null'.
   at System.Reflection.RuntimeAssembly.GetType(RuntimeAssembly assembly, String name, Boolean throwOnError, Boolean ignoreCase, ObjectHandleOnStack type)
   at System.Reflection.RuntimeAssembly.GetType(String name, Boolean throwOnError, Boolean ignoreCase)
   at System.Reflection.Assembly.GetType(String name, Boolean throwOnError)
   at EPiServer.DataAbstraction.ScheduledJob.InternalExec(Boolean startThread)
System.TypeLoadException: Could not load type 'BaseSite.Business.Jobs.SearchCrawl' from assembly 'EPiServerSiteBase, Version=1.0.0.0, Culture=neutral, PublicKeyToken=null'.
   at System.Reflection.RuntimeAssembly.GetType(RuntimeAssembly assembly, String name, Boolean throwOnError, Boolean ignoreCase, ObjectHandleOnStack type)
   at System.Reflection.RuntimeAssembly.GetType(String name, Boolean throwOnError, Boolean ignoreCase)
   at System.Reflection.Assembly.GetType(String name, Boolean throwOnError)
   at EPiServer.DataAbstraction.ScheduledJob.InternalExec(Boolean startThread)
2016-12-08 17:55:52,545 [10] ERROR EPiServer.Search.RequestHandler: Update batch could not be sent to service uri 'http://localhost:55560/IndexingService/IndexingService.svc/update/?accesskey=local'. Message: 'Unable to connect to the remote server   at System.Net.HttpWebRequest.GetRequestStream(TransportContext& context)
   at System.Net.HttpWebRequest.GetRequestStream()
   at EPiServer.Search.RequestHandler.MakeHttpRequest(String url, NamedIndexingServiceElement namedIndexingServiceElement, String method, Stream postData, Action`1 responseHandler)
   at EPiServer.Search.RequestHandler.SendRequest(SyndicationFeed feed, String namedIndexingService, Collection`1 ids)'
2016-12-08 17:55:52,550 [10] ERROR EPiServer.Search.RequestQueueHandler: Send batch for named index 'serviceName' failed. Items are left in queue.
2016-12-08 17:57:22,707 [8] ERROR EPiServer.Search.RequestHandler: Update batch could not be sent to service uri 'http://localhost:55560/IndexingService/IndexingService.svc/update/?accesskey=local'. Message: 'Unable to connect to the remote server   at System.Net.HttpWebRequest.GetRequestStream(TransportContext& context)
   at System.Net.HttpWebRequest.GetRequestStream()
   at EPiServer.Search.RequestHandler.MakeHttpRequest(String url, NamedIndexingServiceElement namedIndexingServiceElement, String method, Stream postData, Action`1 responseHandler)
   at EPiServer.Search.RequestHandler.SendRequest(SyndicationFeed feed, String namedIndexingService, Collection`1 ids)'
2016-12-08 17:57:22,717 [8] ERROR EPiServer.Search.RequestQueueHandler: Send batch for named index 'serviceName' failed. Items are left in queue.
2016-12-08 17:57:56,398 [8] ERROR EPiServer.Search.RequestHandler: Update batch could not be sent to service uri 'http://localhost:55560/IndexingService/IndexingService.svc/update/?accesskey=local'. Message: 'Unable to connect to the remote server   at System.Net.HttpWebRequest.GetRequestStream(TransportContext& context)
   at System.Net.HttpWebRequest.GetRequestStream()
   at EPiServer.Search.RequestHandler.MakeHttpRequest(String url, NamedIndexingServiceElement namedIndexingServiceElement, String method, Stream postData, Action`1 responseHandler)
   at EPiServer.Search.RequestHandler.SendRequest(SyndicationFeed feed, String namedIndexingService, Collection`1 ids)'
2016-12-08 17:57:56,411 [8] ERROR EPiServer.Search.RequestQueueHandler: Send batch for named index 'serviceName' failed. Items are left in queue.
