2016-12-14 16:36:33,346 [18] ERROR EPiServer.DataAbstraction.ScheduledJob: Failed to load type 'BaseSite.Business.Search.SolrCrawl' from assembly 'EPiServerSiteBase' to remove this job permanent remove the contents of tblScheduledItemLog and tblScheduledItem for the job 'Run SOLR Search Crawl' with jobId ='f01ffb51-9f4c-4f3a-882a-d6435fbc3202' from the database
System.TypeLoadException: Could not load type 'BaseSite.Business.Search.SolrCrawl' from assembly 'EPiServerSiteBase, Version=1.0.0.0, Culture=neutral, PublicKeyToken=null'.
   at System.Reflection.RuntimeAssembly.GetType(RuntimeAssembly assembly, String name, Boolean throwOnError, Boolean ignoreCase, ObjectHandleOnStack type)
   at System.Reflection.RuntimeAssembly.GetType(String name, Boolean throwOnError, Boolean ignoreCase)
   at System.Reflection.Assembly.GetType(String name, Boolean throwOnError)
   at EPiServer.DataAbstraction.ScheduledJob.InternalExec(Boolean startThread)
System.TypeLoadException: Could not load type 'BaseSite.Business.Search.SolrCrawl' from assembly 'EPiServerSiteBase, Version=1.0.0.0, Culture=neutral, PublicKeyToken=null'.
   at System.Reflection.RuntimeAssembly.GetType(RuntimeAssembly assembly, String name, Boolean throwOnError, Boolean ignoreCase, ObjectHandleOnStack type)
   at System.Reflection.RuntimeAssembly.GetType(String name, Boolean throwOnError, Boolean ignoreCase)
   at System.Reflection.Assembly.GetType(String name, Boolean throwOnError)
   at EPiServer.DataAbstraction.ScheduledJob.InternalExec(Boolean startThread)
2016-12-14 16:36:42,312 [9] ERROR EPiServer.Search.RequestHandler: Update batch could not be sent to service uri 'http://localhost:55560/IndexingService/IndexingService.svc/update/?accesskey=local'. Message: 'Unable to connect to the remote server   at System.Net.HttpWebRequest.GetRequestStream(TransportContext& context)
   at System.Net.HttpWebRequest.GetRequestStream()
   at EPiServer.Search.RequestHandler.MakeHttpRequest(String url, NamedIndexingServiceElement namedIndexingServiceElement, String method, Stream postData, Action`1 responseHandler)
   at EPiServer.Search.RequestHandler.SendRequest(SyndicationFeed feed, String namedIndexingService, Collection`1 ids)'
2016-12-14 16:36:42,318 [9] ERROR EPiServer.Search.RequestQueueHandler: Send batch for named index 'serviceName' failed. Items are left in queue.
2016-12-14 16:36:43,451 [18] ERROR EPiServer.DataAbstraction.ScheduledJob: Failed to load type 'BaseSite.Business.Jobs.SearchIncrentmentalCrawl' from assembly 'EPiServerSiteBase' to remove this job permanent remove the contents of tblScheduledItemLog and tblScheduledItem for the job 'Run Incremental SOLR Search Crawl' with jobId ='3618a03f-c2a3-44b0-8267-9e5a18de3f6e' from the database
System.TypeLoadException: Could not load type 'BaseSite.Business.Jobs.SearchIncrentmentalCrawl' from assembly 'EPiServerSiteBase, Version=1.0.0.0, Culture=neutral, PublicKeyToken=null'.
   at System.Reflection.RuntimeAssembly.GetType(RuntimeAssembly assembly, String name, Boolean throwOnError, Boolean ignoreCase, ObjectHandleOnStack type)
   at System.Reflection.RuntimeAssembly.GetType(String name, Boolean throwOnError, Boolean ignoreCase)
   at System.Reflection.Assembly.GetType(String name, Boolean throwOnError)
   at EPiServer.DataAbstraction.ScheduledJob.InternalExec(Boolean startThread)
System.TypeLoadException: Could not load type 'BaseSite.Business.Jobs.SearchIncrentmentalCrawl' from assembly 'EPiServerSiteBase, Version=1.0.0.0, Culture=neutral, PublicKeyToken=null'.
   at System.Reflection.RuntimeAssembly.GetType(RuntimeAssembly assembly, String name, Boolean throwOnError, Boolean ignoreCase, ObjectHandleOnStack type)
   at System.Reflection.RuntimeAssembly.GetType(String name, Boolean throwOnError, Boolean ignoreCase)
   at System.Reflection.Assembly.GetType(String name, Boolean throwOnError)
   at EPiServer.DataAbstraction.ScheduledJob.InternalExec(Boolean startThread)
2016-12-14 16:36:53,535 [18] ERROR EPiServer.DataAbstraction.ScheduledJob: Failed to load type 'BaseSite.Business.Jobs.SearchCrawl' from assembly 'EPiServerSiteBase' to remove this job permanent remove the contents of tblScheduledItemLog and tblScheduledItem for the job 'Run SOLR Search Crawl' with jobId ='4e107143-4fb0-48e1-964f-e9aae7f9af19' from the database
System.TypeLoadException: Could not load type 'BaseSite.Business.Jobs.SearchCrawl' from assembly 'EPiServerSiteBase, Version=1.0.0.0, Culture=neutral, PublicKeyToken=null'.
   at System.Reflection.RuntimeAssembly.GetType(RuntimeAssembly assembly, String name, Boolean throwOnError, Boolean ignoreCase, ObjectHandleOnStack type)
   at System.Reflection.RuntimeAssembly.GetType(String name, Boolean throwOnError, Boolean ignoreCase)
   at System.Reflection.Assembly.GetType(String name, Boolean throwOnError)
   at EPiServer.DataAbstraction.ScheduledJob.InternalExec(Boolean startThread)
System.TypeLoadException: Could not load type 'BaseSite.Business.Jobs.SearchCrawl' from assembly 'EPiServerSiteBase, Version=1.0.0.0, Culture=neutral, PublicKeyToken=null'.
   at System.Reflection.RuntimeAssembly.GetType(RuntimeAssembly assembly, String name, Boolean throwOnError, Boolean ignoreCase, ObjectHandleOnStack type)
   at System.Reflection.RuntimeAssembly.GetType(String name, Boolean throwOnError, Boolean ignoreCase)
   at System.Reflection.Assembly.GetType(String name, Boolean throwOnError)
   at EPiServer.DataAbstraction.ScheduledJob.InternalExec(Boolean startThread)
2016-12-14 16:37:14,418 [9] ERROR EPiServer.Search.RequestHandler: Update batch could not be sent to service uri 'http://localhost:55560/IndexingService/IndexingService.svc/update/?accesskey=local'. Message: 'Unable to connect to the remote server   at System.Net.HttpWebRequest.GetRequestStream(TransportContext& context)
   at System.Net.HttpWebRequest.GetRequestStream()
   at EPiServer.Search.RequestHandler.MakeHttpRequest(String url, NamedIndexingServiceElement namedIndexingServiceElement, String method, Stream postData, Action`1 responseHandler)
   at EPiServer.Search.RequestHandler.SendRequest(SyndicationFeed feed, String namedIndexingService, Collection`1 ids)'
2016-12-14 16:37:14,424 [9] ERROR EPiServer.Search.RequestQueueHandler: Send batch for named index 'serviceName' failed. Items are left in queue.
2016-12-14 16:37:46,529 [8] ERROR EPiServer.Search.RequestHandler: Update batch could not be sent to service uri 'http://localhost:55560/IndexingService/IndexingService.svc/update/?accesskey=local'. Message: 'Unable to connect to the remote server   at System.Net.HttpWebRequest.GetRequestStream(TransportContext& context)
   at System.Net.HttpWebRequest.GetRequestStream()
   at EPiServer.Search.RequestHandler.MakeHttpRequest(String url, NamedIndexingServiceElement namedIndexingServiceElement, String method, Stream postData, Action`1 responseHandler)
   at EPiServer.Search.RequestHandler.SendRequest(SyndicationFeed feed, String namedIndexingService, Collection`1 ids)'
2016-12-14 16:37:46,538 [8] ERROR EPiServer.Search.RequestQueueHandler: Send batch for named index 'serviceName' failed. Items are left in queue.
2016-12-14 16:38:18,661 [24] ERROR EPiServer.Search.RequestHandler: Update batch could not be sent to service uri 'http://localhost:55560/IndexingService/IndexingService.svc/update/?accesskey=local'. Message: 'Unable to connect to the remote server   at System.Net.HttpWebRequest.GetRequestStream(TransportContext& context)
   at System.Net.HttpWebRequest.GetRequestStream()
   at EPiServer.Search.RequestHandler.MakeHttpRequest(String url, NamedIndexingServiceElement namedIndexingServiceElement, String method, Stream postData, Action`1 responseHandler)
   at EPiServer.Search.RequestHandler.SendRequest(SyndicationFeed feed, String namedIndexingService, Collection`1 ids)'
2016-12-14 16:38:18,666 [24] ERROR EPiServer.Search.RequestQueueHandler: Send batch for named index 'serviceName' failed. Items are left in queue.
2016-12-14 16:38:50,748 [9] ERROR EPiServer.Search.RequestHandler: Update batch could not be sent to service uri 'http://localhost:55560/IndexingService/IndexingService.svc/update/?accesskey=local'. Message: 'Unable to connect to the remote server   at System.Net.HttpWebRequest.GetRequestStream(TransportContext& context)
   at System.Net.HttpWebRequest.GetRequestStream()
   at EPiServer.Search.RequestHandler.MakeHttpRequest(String url, NamedIndexingServiceElement namedIndexingServiceElement, String method, Stream postData, Action`1 responseHandler)
   at EPiServer.Search.RequestHandler.SendRequest(SyndicationFeed feed, String namedIndexingService, Collection`1 ids)'
2016-12-14 16:38:50,754 [9] ERROR EPiServer.Search.RequestQueueHandler: Send batch for named index 'serviceName' failed. Items are left in queue.
2016-12-14 16:39:22,899 [10] ERROR EPiServer.Search.RequestHandler: Update batch could not be sent to service uri 'http://localhost:55560/IndexingService/IndexingService.svc/update/?accesskey=local'. Message: 'Unable to connect to the remote server   at System.Net.HttpWebRequest.GetRequestStream(TransportContext& context)
   at System.Net.HttpWebRequest.GetRequestStream()
   at EPiServer.Search.RequestHandler.MakeHttpRequest(String url, NamedIndexingServiceElement namedIndexingServiceElement, String method, Stream postData, Action`1 responseHandler)
   at EPiServer.Search.RequestHandler.SendRequest(SyndicationFeed feed, String namedIndexingService, Collection`1 ids)'
2016-12-14 16:39:22,904 [10] ERROR EPiServer.Search.RequestQueueHandler: Send batch for named index 'serviceName' failed. Items are left in queue.
2016-12-14 16:39:54,973 [10] ERROR EPiServer.Search.RequestHandler: Update batch could not be sent to service uri 'http://localhost:55560/IndexingService/IndexingService.svc/update/?accesskey=local'. Message: 'Unable to connect to the remote server   at System.Net.HttpWebRequest.GetRequestStream(TransportContext& context)
   at System.Net.HttpWebRequest.GetRequestStream()
   at EPiServer.Search.RequestHandler.MakeHttpRequest(String url, NamedIndexingServiceElement namedIndexingServiceElement, String method, Stream postData, Action`1 responseHandler)
   at EPiServer.Search.RequestHandler.SendRequest(SyndicationFeed feed, String namedIndexingService, Collection`1 ids)'
2016-12-14 16:39:54,979 [10] ERROR EPiServer.Search.RequestQueueHandler: Send batch for named index 'serviceName' failed. Items are left in queue.
2016-12-14 16:40:27,071 [9] ERROR EPiServer.Search.RequestHandler: Update batch could not be sent to service uri 'http://localhost:55560/IndexingService/IndexingService.svc/update/?accesskey=local'. Message: 'Unable to connect to the remote server   at System.Net.HttpWebRequest.GetRequestStream(TransportContext& context)
   at System.Net.HttpWebRequest.GetRequestStream()
   at EPiServer.Search.RequestHandler.MakeHttpRequest(String url, NamedIndexingServiceElement namedIndexingServiceElement, String method, Stream postData, Action`1 responseHandler)
   at EPiServer.Search.RequestHandler.SendRequest(SyndicationFeed feed, String namedIndexingService, Collection`1 ids)'
2016-12-14 16:40:27,076 [9] ERROR EPiServer.Search.RequestQueueHandler: Send batch for named index 'serviceName' failed. Items are left in queue.
2016-12-14 16:40:59,210 [13] ERROR EPiServer.Search.RequestHandler: Update batch could not be sent to service uri 'http://localhost:55560/IndexingService/IndexingService.svc/update/?accesskey=local'. Message: 'Unable to connect to the remote server   at System.Net.HttpWebRequest.GetRequestStream(TransportContext& context)
   at System.Net.HttpWebRequest.GetRequestStream()
   at EPiServer.Search.RequestHandler.MakeHttpRequest(String url, NamedIndexingServiceElement namedIndexingServiceElement, String method, Stream postData, Action`1 responseHandler)
   at EPiServer.Search.RequestHandler.SendRequest(SyndicationFeed feed, String namedIndexingService, Collection`1 ids)'
2016-12-14 16:40:59,222 [13] ERROR EPiServer.Search.RequestQueueHandler: Send batch for named index 'serviceName' failed. Items are left in queue.
2016-12-14 16:45:49,232 [5] ERROR EPiServer.Search.RequestHandler: Update batch could not be sent to service uri 'http://localhost:55560/IndexingService/IndexingService.svc/update/?accesskey=local'. Message: 'Unable to connect to the remote server   at System.Net.HttpWebRequest.GetRequestStream(TransportContext& context)
   at System.Net.HttpWebRequest.GetRequestStream()
   at EPiServer.Search.RequestHandler.MakeHttpRequest(String url, NamedIndexingServiceElement namedIndexingServiceElement, String method, Stream postData, Action`1 responseHandler)
   at EPiServer.Search.RequestHandler.SendRequest(SyndicationFeed feed, String namedIndexingService, Collection`1 ids)'
2016-12-14 16:45:49,242 [5] ERROR EPiServer.Search.RequestQueueHandler: Send batch for named index 'serviceName' failed. Items are left in queue.
2016-12-14 16:46:21,331 [11] ERROR EPiServer.Search.RequestHandler: Update batch could not be sent to service uri 'http://localhost:55560/IndexingService/IndexingService.svc/update/?accesskey=local'. Message: 'Unable to connect to the remote server   at System.Net.HttpWebRequest.GetRequestStream(TransportContext& context)
   at System.Net.HttpWebRequest.GetRequestStream()
   at EPiServer.Search.RequestHandler.MakeHttpRequest(String url, NamedIndexingServiceElement namedIndexingServiceElement, String method, Stream postData, Action`1 responseHandler)
   at EPiServer.Search.RequestHandler.SendRequest(SyndicationFeed feed, String namedIndexingService, Collection`1 ids)'
2016-12-14 16:46:21,336 [11] ERROR EPiServer.Search.RequestQueueHandler: Send batch for named index 'serviceName' failed. Items are left in queue.
2016-12-14 16:46:53,447 [10] ERROR EPiServer.Search.RequestHandler: Update batch could not be sent to service uri 'http://localhost:55560/IndexingService/IndexingService.svc/update/?accesskey=local'. Message: 'Unable to connect to the remote server   at System.Net.HttpWebRequest.GetRequestStream(TransportContext& context)
   at System.Net.HttpWebRequest.GetRequestStream()
   at EPiServer.Search.RequestHandler.MakeHttpRequest(String url, NamedIndexingServiceElement namedIndexingServiceElement, String method, Stream postData, Action`1 responseHandler)
   at EPiServer.Search.RequestHandler.SendRequest(SyndicationFeed feed, String namedIndexingService, Collection`1 ids)'
2016-12-14 16:46:53,452 [10] ERROR EPiServer.Search.RequestQueueHandler: Send batch for named index 'serviceName' failed. Items are left in queue.
2016-12-14 16:47:31,963 [9] ERROR EPiServer.Search.RequestHandler: Update batch could not be sent to service uri 'http://localhost:55560/IndexingService/IndexingService.svc/update/?accesskey=local'. Message: 'Unable to connect to the remote server   at System.Net.HttpWebRequest.GetRequestStream(TransportContext& context)
   at System.Net.HttpWebRequest.GetRequestStream()
   at EPiServer.Search.RequestHandler.MakeHttpRequest(String url, NamedIndexingServiceElement namedIndexingServiceElement, String method, Stream postData, Action`1 responseHandler)
   at EPiServer.Search.RequestHandler.SendRequest(SyndicationFeed feed, String namedIndexingService, Collection`1 ids)'
2016-12-14 16:47:34,875 [9] ERROR EPiServer.Search.RequestQueueHandler: Send batch for named index 'serviceName' failed. Items are left in queue.
2016-12-14 16:48:07,590 [24] ERROR EPiServer.Search.RequestHandler: Update batch could not be sent to service uri 'http://localhost:55560/IndexingService/IndexingService.svc/update/?accesskey=local'. Message: 'Unable to connect to the remote server   at System.Net.HttpWebRequest.GetRequestStream(TransportContext& context)
   at System.Net.HttpWebRequest.GetRequestStream()
   at EPiServer.Search.RequestHandler.MakeHttpRequest(String url, NamedIndexingServiceElement namedIndexingServiceElement, String method, Stream postData, Action`1 responseHandler)
   at EPiServer.Search.RequestHandler.SendRequest(SyndicationFeed feed, String namedIndexingService, Collection`1 ids)'
2016-12-14 16:48:07,596 [24] ERROR EPiServer.Search.RequestQueueHandler: Send batch for named index 'serviceName' failed. Items are left in queue.
2016-12-14 16:48:39,665 [24] ERROR EPiServer.Search.RequestHandler: Update batch could not be sent to service uri 'http://localhost:55560/IndexingService/IndexingService.svc/update/?accesskey=local'. Message: 'Unable to connect to the remote server   at System.Net.HttpWebRequest.GetRequestStream(TransportContext& context)
   at System.Net.HttpWebRequest.GetRequestStream()
   at EPiServer.Search.RequestHandler.MakeHttpRequest(String url, NamedIndexingServiceElement namedIndexingServiceElement, String method, Stream postData, Action`1 responseHandler)
   at EPiServer.Search.RequestHandler.SendRequest(SyndicationFeed feed, String namedIndexingService, Collection`1 ids)'
2016-12-14 16:48:39,670 [24] ERROR EPiServer.Search.RequestQueueHandler: Send batch for named index 'serviceName' failed. Items are left in queue.
2016-12-14 16:49:11,761 [23] ERROR EPiServer.Search.RequestHandler: Update batch could not be sent to service uri 'http://localhost:55560/IndexingService/IndexingService.svc/update/?accesskey=local'. Message: 'Unable to connect to the remote server   at System.Net.HttpWebRequest.GetRequestStream(TransportContext& context)
   at System.Net.HttpWebRequest.GetRequestStream()
   at EPiServer.Search.RequestHandler.MakeHttpRequest(String url, NamedIndexingServiceElement namedIndexingServiceElement, String method, Stream postData, Action`1 responseHandler)
   at EPiServer.Search.RequestHandler.SendRequest(SyndicationFeed feed, String namedIndexingService, Collection`1 ids)'
2016-12-14 16:49:11,766 [23] ERROR EPiServer.Search.RequestQueueHandler: Send batch for named index 'serviceName' failed. Items are left in queue.
2016-12-14 16:50:27,531 [24] ERROR EPiServer.Search.RequestHandler: Update batch could not be sent to service uri 'http://localhost:55560/IndexingService/IndexingService.svc/update/?accesskey=local'. Message: 'Unable to connect to the remote server   at System.Net.HttpWebRequest.GetRequestStream(TransportContext& context)
   at System.Net.HttpWebRequest.GetRequestStream()
   at EPiServer.Search.RequestHandler.MakeHttpRequest(String url, NamedIndexingServiceElement namedIndexingServiceElement, String method, Stream postData, Action`1 responseHandler)
   at EPiServer.Search.RequestHandler.SendRequest(SyndicationFeed feed, String namedIndexingService, Collection`1 ids)'
2016-12-14 16:50:27,538 [24] ERROR EPiServer.Search.RequestQueueHandler: Send batch for named index 'serviceName' failed. Items are left in queue.
2016-12-14 16:50:59,617 [9] ERROR EPiServer.Search.RequestHandler: Update batch could not be sent to service uri 'http://localhost:55560/IndexingService/IndexingService.svc/update/?accesskey=local'. Message: 'Unable to connect to the remote server   at System.Net.HttpWebRequest.GetRequestStream(TransportContext& context)
   at System.Net.HttpWebRequest.GetRequestStream()
   at EPiServer.Search.RequestHandler.MakeHttpRequest(String url, NamedIndexingServiceElement namedIndexingServiceElement, String method, Stream postData, Action`1 responseHandler)
   at EPiServer.Search.RequestHandler.SendRequest(SyndicationFeed feed, String namedIndexingService, Collection`1 ids)'
2016-12-14 16:50:59,622 [9] ERROR EPiServer.Search.RequestQueueHandler: Send batch for named index 'serviceName' failed. Items are left in queue.
2016-12-14 19:26:49,367 [15] ERROR EPiServer.DataAbstraction.ScheduledJob: Failed to load type 'BaseSite.Business.Search.SolrCrawl' from assembly 'EPiServerSiteBase' to remove this job permanent remove the contents of tblScheduledItemLog and tblScheduledItem for the job 'Run SOLR Search Crawl' with jobId ='f01ffb51-9f4c-4f3a-882a-d6435fbc3202' from the database
System.TypeLoadException: Could not load type 'BaseSite.Business.Search.SolrCrawl' from assembly 'EPiServerSiteBase, Version=1.0.0.0, Culture=neutral, PublicKeyToken=null'.
   at System.Reflection.RuntimeAssembly.GetType(RuntimeAssembly assembly, String name, Boolean throwOnError, Boolean ignoreCase, ObjectHandleOnStack type)
   at System.Reflection.RuntimeAssembly.GetType(String name, Boolean throwOnError, Boolean ignoreCase)
   at System.Reflection.Assembly.GetType(String name, Boolean throwOnError)
   at EPiServer.DataAbstraction.ScheduledJob.InternalExec(Boolean startThread)
System.TypeLoadException: Could not load type 'BaseSite.Business.Search.SolrCrawl' from assembly 'EPiServerSiteBase, Version=1.0.0.0, Culture=neutral, PublicKeyToken=null'.
   at System.Reflection.RuntimeAssembly.GetType(RuntimeAssembly assembly, String name, Boolean throwOnError, Boolean ignoreCase, ObjectHandleOnStack type)
   at System.Reflection.RuntimeAssembly.GetType(String name, Boolean throwOnError, Boolean ignoreCase)
   at System.Reflection.Assembly.GetType(String name, Boolean throwOnError)
   at EPiServer.DataAbstraction.ScheduledJob.InternalExec(Boolean startThread)
2016-12-14 19:26:59,486 [15] ERROR EPiServer.DataAbstraction.ScheduledJob: Failed to load type 'BaseSite.Business.Jobs.SearchIncrentmentalCrawl' from assembly 'EPiServerSiteBase' to remove this job permanent remove the contents of tblScheduledItemLog and tblScheduledItem for the job 'Run Incremental SOLR Search Crawl' with jobId ='3618a03f-c2a3-44b0-8267-9e5a18de3f6e' from the database
System.TypeLoadException: Could not load type 'BaseSite.Business.Jobs.SearchIncrentmentalCrawl' from assembly 'EPiServerSiteBase, Version=1.0.0.0, Culture=neutral, PublicKeyToken=null'.
   at System.Reflection.RuntimeAssembly.GetType(RuntimeAssembly assembly, String name, Boolean throwOnError, Boolean ignoreCase, ObjectHandleOnStack type)
   at System.Reflection.RuntimeAssembly.GetType(String name, Boolean throwOnError, Boolean ignoreCase)
   at System.Reflection.Assembly.GetType(String name, Boolean throwOnError)
   at EPiServer.DataAbstraction.ScheduledJob.InternalExec(Boolean startThread)
System.TypeLoadException: Could not load type 'BaseSite.Business.Jobs.SearchIncrentmentalCrawl' from assembly 'EPiServerSiteBase, Version=1.0.0.0, Culture=neutral, PublicKeyToken=null'.
   at System.Reflection.RuntimeAssembly.GetType(RuntimeAssembly assembly, String name, Boolean throwOnError, Boolean ignoreCase, ObjectHandleOnStack type)
   at System.Reflection.RuntimeAssembly.GetType(String name, Boolean throwOnError, Boolean ignoreCase)
   at System.Reflection.Assembly.GetType(String name, Boolean throwOnError)
   at EPiServer.DataAbstraction.ScheduledJob.InternalExec(Boolean startThread)
2016-12-14 19:27:00,022 [6] ERROR EPiServer.Search.RequestHandler: Update batch could not be sent to service uri 'http://localhost:55560/IndexingService/IndexingService.svc/update/?accesskey=local'. Message: 'Unable to connect to the remote server   at System.Net.HttpWebRequest.GetRequestStream(TransportContext& context)
   at System.Net.HttpWebRequest.GetRequestStream()
   at EPiServer.Search.RequestHandler.MakeHttpRequest(String url, NamedIndexingServiceElement namedIndexingServiceElement, String method, Stream postData, Action`1 responseHandler)
   at EPiServer.Search.RequestHandler.SendRequest(SyndicationFeed feed, String namedIndexingService, Collection`1 ids)'
2016-12-14 19:27:00,038 [6] ERROR EPiServer.Search.RequestQueueHandler: Send batch for named index 'serviceName' failed. Items are left in queue.
2016-12-14 19:27:09,573 [15] ERROR EPiServer.DataAbstraction.ScheduledJob: Failed to load type 'BaseSite.Business.Jobs.SearchCrawl' from assembly 'EPiServerSiteBase' to remove this job permanent remove the contents of tblScheduledItemLog and tblScheduledItem for the job 'Run SOLR Search Crawl' with jobId ='4e107143-4fb0-48e1-964f-e9aae7f9af19' from the database
System.TypeLoadException: Could not load type 'BaseSite.Business.Jobs.SearchCrawl' from assembly 'EPiServerSiteBase, Version=1.0.0.0, Culture=neutral, PublicKeyToken=null'.
   at System.Reflection.RuntimeAssembly.GetType(RuntimeAssembly assembly, String name, Boolean throwOnError, Boolean ignoreCase, ObjectHandleOnStack type)
   at System.Reflection.RuntimeAssembly.GetType(String name, Boolean throwOnError, Boolean ignoreCase)
   at System.Reflection.Assembly.GetType(String name, Boolean throwOnError)
   at EPiServer.DataAbstraction.ScheduledJob.InternalExec(Boolean startThread)
System.TypeLoadException: Could not load type 'BaseSite.Business.Jobs.SearchCrawl' from assembly 'EPiServerSiteBase, Version=1.0.0.0, Culture=neutral, PublicKeyToken=null'.
   at System.Reflection.RuntimeAssembly.GetType(RuntimeAssembly assembly, String name, Boolean throwOnError, Boolean ignoreCase, ObjectHandleOnStack type)
   at System.Reflection.RuntimeAssembly.GetType(String name, Boolean throwOnError, Boolean ignoreCase)
   at System.Reflection.Assembly.GetType(String name, Boolean throwOnError)
   at EPiServer.DataAbstraction.ScheduledJob.InternalExec(Boolean startThread)
2016-12-14 19:27:32,127 [8] ERROR EPiServer.Search.RequestHandler: Update batch could not be sent to service uri 'http://localhost:55560/IndexingService/IndexingService.svc/update/?accesskey=local'. Message: 'Unable to connect to the remote server   at System.Net.HttpWebRequest.GetRequestStream(TransportContext& context)
   at System.Net.HttpWebRequest.GetRequestStream()
   at EPiServer.Search.RequestHandler.MakeHttpRequest(String url, NamedIndexingServiceElement namedIndexingServiceElement, String method, Stream postData, Action`1 responseHandler)
   at EPiServer.Search.RequestHandler.SendRequest(SyndicationFeed feed, String namedIndexingService, Collection`1 ids)'
2016-12-14 19:27:32,127 [8] ERROR EPiServer.Search.RequestQueueHandler: Send batch for named index 'serviceName' failed. Items are left in queue.
2016-12-14 19:28:04,215 [9] ERROR EPiServer.Search.RequestHandler: Update batch could not be sent to service uri 'http://localhost:55560/IndexingService/IndexingService.svc/update/?accesskey=local'. Message: 'Unable to connect to the remote server   at System.Net.HttpWebRequest.GetRequestStream(TransportContext& context)
   at System.Net.HttpWebRequest.GetRequestStream()
   at EPiServer.Search.RequestHandler.MakeHttpRequest(String url, NamedIndexingServiceElement namedIndexingServiceElement, String method, Stream postData, Action`1 responseHandler)
   at EPiServer.Search.RequestHandler.SendRequest(SyndicationFeed feed, String namedIndexingService, Collection`1 ids)'
2016-12-14 19:28:04,220 [9] ERROR EPiServer.Search.RequestQueueHandler: Send batch for named index 'serviceName' failed. Items are left in queue.
2016-12-14 19:28:36,285 [10] ERROR EPiServer.Search.RequestHandler: Update batch could not be sent to service uri 'http://localhost:55560/IndexingService/IndexingService.svc/update/?accesskey=local'. Message: 'Unable to connect to the remote server   at System.Net.HttpWebRequest.GetRequestStream(TransportContext& context)
   at System.Net.HttpWebRequest.GetRequestStream()
   at EPiServer.Search.RequestHandler.MakeHttpRequest(String url, NamedIndexingServiceElement namedIndexingServiceElement, String method, Stream postData, Action`1 responseHandler)
   at EPiServer.Search.RequestHandler.SendRequest(SyndicationFeed feed, String namedIndexingService, Collection`1 ids)'
2016-12-14 19:28:36,285 [10] ERROR EPiServer.Search.RequestQueueHandler: Send batch for named index 'serviceName' failed. Items are left in queue.
2016-12-14 19:29:08,368 [6] ERROR EPiServer.Search.RequestHandler: Update batch could not be sent to service uri 'http://localhost:55560/IndexingService/IndexingService.svc/update/?accesskey=local'. Message: 'Unable to connect to the remote server   at System.Net.HttpWebRequest.GetRequestStream(TransportContext& context)
   at System.Net.HttpWebRequest.GetRequestStream()
   at EPiServer.Search.RequestHandler.MakeHttpRequest(String url, NamedIndexingServiceElement namedIndexingServiceElement, String method, Stream postData, Action`1 responseHandler)
   at EPiServer.Search.RequestHandler.SendRequest(SyndicationFeed feed, String namedIndexingService, Collection`1 ids)'
2016-12-14 19:29:08,368 [6] ERROR EPiServer.Search.RequestQueueHandler: Send batch for named index 'serviceName' failed. Items are left in queue.
2016-12-14 19:29:40,457 [21] ERROR EPiServer.Search.RequestHandler: Update batch could not be sent to service uri 'http://localhost:55560/IndexingService/IndexingService.svc/update/?accesskey=local'. Message: 'Unable to connect to the remote server   at System.Net.HttpWebRequest.GetRequestStream(TransportContext& context)
   at System.Net.HttpWebRequest.GetRequestStream()
   at EPiServer.Search.RequestHandler.MakeHttpRequest(String url, NamedIndexingServiceElement namedIndexingServiceElement, String method, Stream postData, Action`1 responseHandler)
   at EPiServer.Search.RequestHandler.SendRequest(SyndicationFeed feed, String namedIndexingService, Collection`1 ids)'
2016-12-14 19:29:40,473 [21] ERROR EPiServer.Search.RequestQueueHandler: Send batch for named index 'serviceName' failed. Items are left in queue.
2016-12-14 19:30:12,541 [9] ERROR EPiServer.Search.RequestHandler: Update batch could not be sent to service uri 'http://localhost:55560/IndexingService/IndexingService.svc/update/?accesskey=local'. Message: 'Unable to connect to the remote server   at System.Net.HttpWebRequest.GetRequestStream(TransportContext& context)
   at System.Net.HttpWebRequest.GetRequestStream()
   at EPiServer.Search.RequestHandler.MakeHttpRequest(String url, NamedIndexingServiceElement namedIndexingServiceElement, String method, Stream postData, Action`1 responseHandler)
   at EPiServer.Search.RequestHandler.SendRequest(SyndicationFeed feed, String namedIndexingService, Collection`1 ids)'
2016-12-14 19:30:12,541 [9] ERROR EPiServer.Search.RequestQueueHandler: Send batch for named index 'serviceName' failed. Items are left in queue.
2016-12-14 19:33:45,864 [10] ERROR EPiServer.Search.RequestHandler: Update batch could not be sent to service uri 'http://localhost:55560/IndexingService/IndexingService.svc/update/?accesskey=local'. Message: 'Unable to connect to the remote server   at System.Net.HttpWebRequest.GetRequestStream(TransportContext& context)
   at System.Net.HttpWebRequest.GetRequestStream()
   at EPiServer.Search.RequestHandler.MakeHttpRequest(String url, NamedIndexingServiceElement namedIndexingServiceElement, String method, Stream postData, Action`1 responseHandler)
   at EPiServer.Search.RequestHandler.SendRequest(SyndicationFeed feed, String namedIndexingService, Collection`1 ids)'
2016-12-14 19:33:45,880 [10] ERROR EPiServer.Search.RequestQueueHandler: Send batch for named index 'serviceName' failed. Items are left in queue.
2016-12-14 19:45:37,184 [7] ERROR EPiServer.Search.RequestHandler: Update batch could not be sent to service uri 'http://localhost:55560/IndexingService/IndexingService.svc/update/?accesskey=local'. Message: 'Unable to connect to the remote server   at System.Net.HttpWebRequest.GetRequestStream(TransportContext& context)
   at System.Net.HttpWebRequest.GetRequestStream()
   at EPiServer.Search.RequestHandler.MakeHttpRequest(String url, NamedIndexingServiceElement namedIndexingServiceElement, String method, Stream postData, Action`1 responseHandler)
   at EPiServer.Search.RequestHandler.SendRequest(SyndicationFeed feed, String namedIndexingService, Collection`1 ids)'
2016-12-14 19:45:37,200 [7] ERROR EPiServer.Search.RequestQueueHandler: Send batch for named index 'serviceName' failed. Items are left in queue.
2016-12-14 19:46:19,940 [9] ERROR EPiServer.Search.RequestHandler: Update batch could not be sent to service uri 'http://localhost:55560/IndexingService/IndexingService.svc/update/?accesskey=local'. Message: 'Unable to connect to the remote server   at System.Net.HttpWebRequest.GetRequestStream(TransportContext& context)
   at System.Net.HttpWebRequest.GetRequestStream()
   at EPiServer.Search.RequestHandler.MakeHttpRequest(String url, NamedIndexingServiceElement namedIndexingServiceElement, String method, Stream postData, Action`1 responseHandler)
   at EPiServer.Search.RequestHandler.SendRequest(SyndicationFeed feed, String namedIndexingService, Collection`1 ids)'
2016-12-14 19:46:19,945 [9] ERROR EPiServer.Search.RequestQueueHandler: Send batch for named index 'serviceName' failed. Items are left in queue.
2016-12-14 19:51:13,487 [11] ERROR EPiServer.Search.RequestHandler: Update batch could not be sent to service uri 'http://localhost:55560/IndexingService/IndexingService.svc/update/?accesskey=local'. Message: 'Unable to connect to the remote server   at System.Net.HttpWebRequest.GetRequestStream(TransportContext& context)
   at System.Net.HttpWebRequest.GetRequestStream()
   at EPiServer.Search.RequestHandler.MakeHttpRequest(String url, NamedIndexingServiceElement namedIndexingServiceElement, String method, Stream postData, Action`1 responseHandler)
   at EPiServer.Search.RequestHandler.SendRequest(SyndicationFeed feed, String namedIndexingService, Collection`1 ids)'
2016-12-14 19:51:32,327 [11] ERROR EPiServer.Search.RequestQueueHandler: Send batch for named index 'serviceName' failed. Items are left in queue.
2016-12-14 19:52:05,039 [10] ERROR EPiServer.Search.RequestHandler: Update batch could not be sent to service uri 'http://localhost:55560/IndexingService/IndexingService.svc/update/?accesskey=local'. Message: 'Unable to connect to the remote server   at System.Net.HttpWebRequest.GetRequestStream(TransportContext& context)
   at System.Net.HttpWebRequest.GetRequestStream()
   at EPiServer.Search.RequestHandler.MakeHttpRequest(String url, NamedIndexingServiceElement namedIndexingServiceElement, String method, Stream postData, Action`1 responseHandler)
   at EPiServer.Search.RequestHandler.SendRequest(SyndicationFeed feed, String namedIndexingService, Collection`1 ids)'
2016-12-14 19:52:05,039 [10] ERROR EPiServer.Search.RequestQueueHandler: Send batch for named index 'serviceName' failed. Items are left in queue.
2016-12-14 19:52:37,153 [12] ERROR EPiServer.Search.RequestHandler: Update batch could not be sent to service uri 'http://localhost:55560/IndexingService/IndexingService.svc/update/?accesskey=local'. Message: 'Unable to connect to the remote server   at System.Net.HttpWebRequest.GetRequestStream(TransportContext& context)
   at System.Net.HttpWebRequest.GetRequestStream()
   at EPiServer.Search.RequestHandler.MakeHttpRequest(String url, NamedIndexingServiceElement namedIndexingServiceElement, String method, Stream postData, Action`1 responseHandler)
   at EPiServer.Search.RequestHandler.SendRequest(SyndicationFeed feed, String namedIndexingService, Collection`1 ids)'
2016-12-14 19:52:37,153 [12] ERROR EPiServer.Search.RequestQueueHandler: Send batch for named index 'serviceName' failed. Items are left in queue.
2016-12-14 19:53:09,249 [14] ERROR EPiServer.Search.RequestHandler: Update batch could not be sent to service uri 'http://localhost:55560/IndexingService/IndexingService.svc/update/?accesskey=local'. Message: 'Unable to connect to the remote server   at System.Net.HttpWebRequest.GetRequestStream(TransportContext& context)
   at System.Net.HttpWebRequest.GetRequestStream()
   at EPiServer.Search.RequestHandler.MakeHttpRequest(String url, NamedIndexingServiceElement namedIndexingServiceElement, String method, Stream postData, Action`1 responseHandler)
   at EPiServer.Search.RequestHandler.SendRequest(SyndicationFeed feed, String namedIndexingService, Collection`1 ids)'
2016-12-14 19:53:09,249 [14] ERROR EPiServer.Search.RequestQueueHandler: Send batch for named index 'serviceName' failed. Items are left in queue.
2016-12-14 19:53:41,325 [12] ERROR EPiServer.Search.RequestHandler: Update batch could not be sent to service uri 'http://localhost:55560/IndexingService/IndexingService.svc/update/?accesskey=local'. Message: 'Unable to connect to the remote server   at System.Net.HttpWebRequest.GetRequestStream(TransportContext& context)
   at System.Net.HttpWebRequest.GetRequestStream()
   at EPiServer.Search.RequestHandler.MakeHttpRequest(String url, NamedIndexingServiceElement namedIndexingServiceElement, String method, Stream postData, Action`1 responseHandler)
   at EPiServer.Search.RequestHandler.SendRequest(SyndicationFeed feed, String namedIndexingService, Collection`1 ids)'
2016-12-14 19:53:41,330 [12] ERROR EPiServer.Search.RequestQueueHandler: Send batch for named index 'serviceName' failed. Items are left in queue.
2016-12-14 19:54:13,413 [14] ERROR EPiServer.Search.RequestHandler: Update batch could not be sent to service uri 'http://localhost:55560/IndexingService/IndexingService.svc/update/?accesskey=local'. Message: 'Unable to connect to the remote server   at System.Net.HttpWebRequest.GetRequestStream(TransportContext& context)
   at System.Net.HttpWebRequest.GetRequestStream()
   at EPiServer.Search.RequestHandler.MakeHttpRequest(String url, NamedIndexingServiceElement namedIndexingServiceElement, String method, Stream postData, Action`1 responseHandler)
   at EPiServer.Search.RequestHandler.SendRequest(SyndicationFeed feed, String namedIndexingService, Collection`1 ids)'
2016-12-14 19:54:13,418 [14] ERROR EPiServer.Search.RequestQueueHandler: Send batch for named index 'serviceName' failed. Items are left in queue.
2016-12-14 19:54:45,525 [12] ERROR EPiServer.Search.RequestHandler: Update batch could not be sent to service uri 'http://localhost:55560/IndexingService/IndexingService.svc/update/?accesskey=local'. Message: 'Unable to connect to the remote server   at System.Net.HttpWebRequest.GetRequestStream(TransportContext& context)
   at System.Net.HttpWebRequest.GetRequestStream()
   at EPiServer.Search.RequestHandler.MakeHttpRequest(String url, NamedIndexingServiceElement namedIndexingServiceElement, String method, Stream postData, Action`1 responseHandler)
   at EPiServer.Search.RequestHandler.SendRequest(SyndicationFeed feed, String namedIndexingService, Collection`1 ids)'
2016-12-14 19:54:45,530 [12] ERROR EPiServer.Search.RequestQueueHandler: Send batch for named index 'serviceName' failed. Items are left in queue.
2016-12-14 19:55:17,591 [8] ERROR EPiServer.Search.RequestHandler: Update batch could not be sent to service uri 'http://localhost:55560/IndexingService/IndexingService.svc/update/?accesskey=local'. Message: 'Unable to connect to the remote server   at System.Net.HttpWebRequest.GetRequestStream(TransportContext& context)
   at System.Net.HttpWebRequest.GetRequestStream()
   at EPiServer.Search.RequestHandler.MakeHttpRequest(String url, NamedIndexingServiceElement namedIndexingServiceElement, String method, Stream postData, Action`1 responseHandler)
   at EPiServer.Search.RequestHandler.SendRequest(SyndicationFeed feed, String namedIndexingService, Collection`1 ids)'
2016-12-14 19:55:17,596 [8] ERROR EPiServer.Search.RequestQueueHandler: Send batch for named index 'serviceName' failed. Items are left in queue.
2016-12-14 19:55:49,653 [14] ERROR EPiServer.Search.RequestHandler: Update batch could not be sent to service uri 'http://localhost:55560/IndexingService/IndexingService.svc/update/?accesskey=local'. Message: 'Unable to connect to the remote server   at System.Net.HttpWebRequest.GetRequestStream(TransportContext& context)
   at System.Net.HttpWebRequest.GetRequestStream()
   at EPiServer.Search.RequestHandler.MakeHttpRequest(String url, NamedIndexingServiceElement namedIndexingServiceElement, String method, Stream postData, Action`1 responseHandler)
   at EPiServer.Search.RequestHandler.SendRequest(SyndicationFeed feed, String namedIndexingService, Collection`1 ids)'
2016-12-14 19:55:49,658 [14] ERROR EPiServer.Search.RequestQueueHandler: Send batch for named index 'serviceName' failed. Items are left in queue.
2016-12-14 19:56:21,753 [14] ERROR EPiServer.Search.RequestHandler: Update batch could not be sent to service uri 'http://localhost:55560/IndexingService/IndexingService.svc/update/?accesskey=local'. Message: 'Unable to connect to the remote server   at System.Net.HttpWebRequest.GetRequestStream(TransportContext& context)
   at System.Net.HttpWebRequest.GetRequestStream()
   at EPiServer.Search.RequestHandler.MakeHttpRequest(String url, NamedIndexingServiceElement namedIndexingServiceElement, String method, Stream postData, Action`1 responseHandler)
   at EPiServer.Search.RequestHandler.SendRequest(SyndicationFeed feed, String namedIndexingService, Collection`1 ids)'
2016-12-14 19:56:21,753 [14] ERROR EPiServer.Search.RequestQueueHandler: Send batch for named index 'serviceName' failed. Items are left in queue.
